scene0000_00: Seed: 42, Selected_ID: 52, accepted after 0 times, dx, dy=(0.0, 0.0), eric_0
scene0000_01: Seed: 42, Selected_ID: 52, accepted after 0 times, dx, dy=(0.0, 0.0), eric_30
scene0000_02: Seed: 42, Selected_ID: 52, accepted after 0 times, dx, dy=(0.0, 0.0), eric_5
scene0001_00: Seed: 42, Selected_ID: 7, accepted after 0 times, dx, dy=(0.0, 0.0), eric_20
scene0001_01: Seed: 42, Selected_ID: 7, accepted after 0 times, dx, dy=(0.0, 0.0), eric_25
scene0002_00: Seed: 42, Selected_ID: 52, accepted after 388 times, dx, dy=(-0.8472106469979354, -0.6877746436297159), eric_-5
scene0002_01: Seed: 42, Selected_ID: 39, accepted after 74 times, dx, dy=(1.3763380244246974, -0.24174857023844737), eric_30
scene0003_00: Seed: 42, Selected_ID: 7, accepted after 17 times, dx, dy=(-2.5729596632040144, 0.4137639413723229), eric_30
scene0003_01: Seed: 42, Selected_ID: 7, accepted after 6 times, dx, dy=(-1.4395483596045517, 1.6543500536691809), eric_15
scene0003_02: Seed: 42, Selected_ID: 7, accepted after 1 times, dx, dy=(0.9336029805559597, -2.1491706915627016), eric_15
scene0004_00: Seed: 42, Selected_ID: 7, accepted after 0 times, dx, dy=(0.0, 0.0), eric_10
scene0005_00: Seed: 42, Selected_ID: 7, accepted after 88 times, dx, dy=(-1.2443396361329846, 1.1454511771396227), eric_30
scene0005_01: Seed: 42, Selected_ID: 7, accepted after 5 times, dx, dy=(-0.9611045608064385, 0.012229013910513079), eric_-5
scene0006_00: Seed: 42, Selected_ID: 39, accepted after 14 times, dx, dy=(-0.05048115215672333, 3.1888458246423634), eric_5
scene0006_01: Seed: 42, Selected_ID: 39, accepted after 9 times, dx, dy=(0.5105086890775373, -2.6322228506423877), eric_0
scene0006_02: Seed: 42, Selected_ID: 39, accepted after 7 times, dx, dy=(1.580437592730215, -2.4181346029189945), eric_0
scene0007_00: Seed: 42, Selected_ID: 7, accepted after 5 times, dx, dy=(-0.47350565795411337, 1.0850961874807743), eric_0
scene0008_00: Seed: 42, Selected_ID: 29, accepted after 5 times, dx, dy=(-0.08456044893544956, -5.936002674924775), eric_0
scene0009_00: Seed: 42, Selected_ID: 7, accepted after 3 times, dx, dy=(-1.18519300543085, -1.8312316071352865), eric_5
scene0009_01: Seed: 42, Selected_ID: 29, accepted after 4 times, dx, dy=(-0.9079728923584509, -1.5401637441156577), eric_5
scene0009_02: Seed: 42, Selected_ID: 29, accepted after 4 times, dx, dy=(-0.814694505346405, -1.6617613549311496), eric_0
scene0010_00: Seed: 42, Selected_ID: 52, accepted after 5 times, dx, dy=(0.9494855061439259, -1.9405788784126192), eric_5
scene0010_01: Seed: 42, Selected_ID: 39, accepted after 14 times, dx, dy=(-0.44203829702764674, 2.033672792253759), eric_10
scene0011_00: Seed: 42, Selected_ID: 29, accepted after 1 times, dx, dy=(-2.08560385772601, 1.6126511176689438), eric_0
scene0011_01: Seed: 42, Selected_ID: 7, accepted after 5 times, dx, dy=(-2.0362740062490605, 0.7751507800777743), eric_20
failed
failed
failed
scene0013_00: Seed: 42, Selected_ID: 4, accepted after 1 times, dx, dy=(1.7168819897342025, 1.3058912591031173), eric_30
scene0013_01: Seed: 42, Selected_ID: 4, accepted after 3 times, dx, dy=(-1.1950390658609757, -1.766510648374399), eric_25
scene0013_02: Seed: 42, Selected_ID: 7, accepted after 3 times, dx, dy=(-0.5212800034438413, -1.7531476507388946), eric_15
scene0014_00: Seed: 42, Selected_ID: 29, accepted after 12 times, dx, dy=(-0.6389195046437169, -0.36161948165379093), eric_30
scene0015_00: Seed: 42, Selected_ID: 39, accepted after 4 times, dx, dy=(-0.409305264389631, -1.6353504272511274), eric_10
scene0016_00: Seed: 42, Selected_ID: 39, accepted after 0 times, dx, dy=(0.0, 0.0), eric_30
scene0016_01: Seed: 42, Selected_ID: 39, accepted after 4 times, dx, dy=(-0.6252725649555416, -0.30758357265224173), eric_20
scene0016_02: Seed: 42, Selected_ID: 39, accepted after 4 times, dx, dy=(-0.7718711293499237, -0.3412252583768895), eric_10
scene0017_00: Seed: 42, Selected_ID: 7, accepted after 14 times, dx, dy=(-0.6877593863486581, 2.9463199056407956), eric_30
scene0017_01: Seed: 42, Selected_ID: 7, accepted after 3 times, dx, dy=(0.33179794792176953, -1.87774530696672), eric_25
scene0017_02: Seed: 42, Selected_ID: 7, accepted after 4 times, dx, dy=(0.2726464672488581, -1.745118097695714), eric_15
NO SUIT ERIC! Using default scene0018_00: Seed: 42, Selected_ID: 7, accepted after 10000 times, dx, dy=(-0.11068704840952448, 1.13786421691101), eric_0
scene0019_00: Seed: 42, Selected_ID: 7, accepted after 0 times, dx, dy=(0.0, 0.0), eric_10
scene0019_01: Seed: 42, Selected_ID: 7, accepted after 0 times, dx, dy=(0.0, 0.0), eric_5
scene0020_00: Seed: 42, Selected_ID: 39, accepted after 104 times, dx, dy=(1.5146246130647278, 1.2235120969695747), eric_5
scene0020_01: Seed: 42, Selected_ID: 39, accepted after 94 times, dx, dy=(1.6443804888844769, 0.057182963057135286), eric_15
scene0021_00: Seed: 42, Selected_ID: 7, accepted after 1 times, dx, dy=(1.5159877535293096, -1.3601247577768583), eric_5
scene0022_00: Seed: 42, Selected_ID: 29, accepted after 2 times, dx, dy=(0.2795618307459179, -0.1108372736632101), eric_30
scene0022_01: Seed: 42, Selected_ID: 39, accepted after 0 times, dx, dy=(0.0, 0.0), eric_5
scene0023_00: Seed: 42, Selected_ID: 7, accepted after 1 times, dx, dy=(1.1469640034951891, -2.779582517180047), eric_25
scene0024_00: Seed: 42, Selected_ID: 52, accepted after 0 times, dx, dy=(0.0, 0.0), eric_10
scene0024_01: Seed: 42, Selected_ID: 39, accepted after 0 times, dx, dy=(0.0, 0.0), eric_30
scene0024_02: Seed: 42, Selected_ID: 39, accepted after 0 times, dx, dy=(0.0, 0.0), eric_0
scene0025_00: Seed: 42, Selected_ID: 39, accepted after 15 times, dx, dy=(0.003663154559445325, 1.426154183362107), eric_30
scene0025_01: Seed: 42, Selected_ID: 29, accepted after 28 times, dx, dy=(-0.3405319969588908, 0.48059564974641816), eric_20
scene0025_02: Seed: 42, Selected_ID: 39, accepted after 15 times, dx, dy=(-0.06007453945553032, 1.535801434196668), eric_10
scene0026_00: Seed: 42, Selected_ID: 29, accepted after 0 times, dx, dy=(0.0, 0.0), eric_30
scene0027_00: Seed: 42, Selected_ID: 7, accepted after 3 times, dx, dy=(-0.19385387001172372, -1.294933532491499), eric_25
scene0027_01: Seed: 42, Selected_ID: 7, accepted after 1 times, dx, dy=(0.5674134023098983, -1.1424229293734756), eric_5
scene0027_02: Seed: 42, Selected_ID: 7, accepted after 3 times, dx, dy=(0.14993227710375556, -1.3894722091212506), eric_25
scene0028_00: Seed: 42, Selected_ID: 7, accepted after 8 times, dx, dy=(1.7083572601280577, 0.7558163726641033), eric_10
failed
failed
failed
scene0030_00: Seed: 42, Selected_ID: 52, accepted after 20 times, dx, dy=(-0.003643560162856052, -1.5023944814650754), eric_15
scene0030_01: Seed: 42, Selected_ID: 52, accepted after 14 times, dx, dy=(0.44131868972168664, 0.9907111360803839), eric_10
scene0030_02: Seed: 42, Selected_ID: 52, accepted after 14 times, dx, dy=(0.35854358115033313, 0.6127403565067774), eric_10
scene0031_00: Seed: 42, Selected_ID: 7, accepted after 0 times, dx, dy=(0.0, 0.0), eric_15
scene0031_01: Seed: 42, Selected_ID: 7, accepted after 2 times, dx, dy=(0.40029186416646156, 0.49830647085119556), eric_25
scene0031_02: Seed: 42, Selected_ID: 7, accepted after 7 times, dx, dy=(2.7585204456698422, -2.6337963478861233), eric_30
scene0032_00: Seed: 42, Selected_ID: 7, accepted after 1 times, dx, dy=(0.9669756524479939, -0.9198282904302785), eric_30
scene0032_01: Seed: 42, Selected_ID: 7, accepted after 1 times, dx, dy=(0.9105096558970426, -0.8375842900007241), eric_25
scene0033_00: Seed: 42, Selected_ID: 7, accepted after 0 times, dx, dy=(0.0, 0.0), eric_20
scene0034_00: Seed: 42, Selected_ID: 39, accepted after 0 times, dx, dy=(0.0, 0.0), eric_30
scene0034_01: Seed: 42, Selected_ID: 39, accepted after 16 times, dx, dy=(0.42347323740563414, -0.3539145229314066), eric_10
scene0034_02: Seed: 42, Selected_ID: 39, accepted after 4 times, dx, dy=(0.04289245603530201, -0.6576180888039775), eric_-10
scene0035_00: Seed: 42, Selected_ID: 7, accepted after 0 times, dx, dy=(0.0, 0.0), eric_5
scene0035_01: Seed: 42, Selected_ID: 7, accepted after 19 times, dx, dy=(-1.2733723322588122, -0.46720651474310276), eric_20
scene0036_00: Seed: 42, Selected_ID: 7, accepted after 0 times, dx, dy=(0.0, 0.0), eric_25
scene0036_01: Seed: 42, Selected_ID: 7, accepted after 0 times, dx, dy=(0.0, 0.0), eric_25
scene0037_00: Seed: 42, Selected_ID: 7, accepted after 1 times, dx, dy=(1.9944603206625118, -1.6756600426736854), eric_20
scene0038_00: Seed: 42, Selected_ID: 7, accepted after 0 times, dx, dy=(0.0, 0.0), eric_10
scene0038_01: Seed: 42, Selected_ID: 7, accepted after 0 times, dx, dy=(0.0, 0.0), eric_15
scene0038_02: Seed: 42, Selected_ID: 7, accepted after 0 times, dx, dy=(0.0, 0.0), eric_10
scene0039_00: Seed: 42, Selected_ID: 7, accepted after 42 times, dx, dy=(-1.025109330679813, -0.6346302354273358), eric_15
scene0039_01: Seed: 42, Selected_ID: 7, accepted after 7 times, dx, dy=(1.0326768071029084, -2.078140324344496), eric_10
scene0040_00: Seed: 42, Selected_ID: 52, accepted after 13 times, dx, dy=(0.6502886443241972, -1.3116361633147158), eric_5
scene0040_01: Seed: 42, Selected_ID: 52, accepted after 13 times, dx, dy=(0.8182130248662628, -1.3350563710624321), eric_0
scene0041_00: Seed: 42, Selected_ID: 39, accepted after 0 times, dx, dy=(0.0, 0.0), eric_10
scene0041_01: Seed: 42, Selected_ID: 39, accepted after 0 times, dx, dy=(0.0, 0.0), eric_-5
scene0042_00: Seed: 42, Selected_ID: 7, accepted after 0 times, dx, dy=(0.0, 0.0), eric_25
scene0042_01: Seed: 42, Selected_ID: 7, accepted after 1 times, dx, dy=(0.5697957850467893, -1.3505702085113584), eric_0
scene0042_02: Seed: 42, Selected_ID: 7, accepted after 1 times, dx, dy=(0.46630626736267733, -1.1648831104579165), eric_30
scene0043_00: Seed: 42, Selected_ID: 7, accepted after 1 times, dx, dy=(0.9881258618966123, -0.6133140969552779), eric_20
scene0043_01: Seed: 42, Selected_ID: 7, accepted after 3 times, dx, dy=(-0.5235666047052131, -2.2076247987050897), eric_25
scene0044_00: Seed: 42, Selected_ID: 7, accepted after 71 times, dx, dy=(-0.531799782760728, -0.5908475316183646), eric_5
NO SUIT ERIC! Using default scene0044_01: Seed: 42, Selected_ID: 7, accepted after 10000 times, dx, dy=(0.4367228857925871, -0.9902152575684028), eric_0
failed
scene0045_00: Seed: 42, Selected_ID: 7, accepted after 0 times, dx, dy=(0.0, 0.0), eric_30
scene0045_01: Seed: 42, Selected_ID: 7, accepted after 7 times, dx, dy=(2.4661991251393003, -2.749826379644454), eric_10
scene0046_00: Seed: 42, Selected_ID: 39, accepted after 19 times, dx, dy=(-0.8241793121676918, -0.8645266761268312), eric_10
scene0046_01: Seed: 42, Selected_ID: 39, accepted after 263 times, dx, dy=(-0.6943812657930013, -1.898471147072436), eric_25
scene0046_02: Seed: 42, Selected_ID: 39, accepted after 19 times, dx, dy=(-0.8267830418126461, -0.977546810841127), eric_20
scene0047_00: Seed: 42, Selected_ID: 39, accepted after 7 times, dx, dy=(0.9666569233190975, -2.7320985865322975), eric_0
scene0048_00: Seed: 42, Selected_ID: 7, accepted after 1 times, dx, dy=(2.7888533318808357, -1.156113614804125), eric_10
scene0048_01: Seed: 42, Selected_ID: 7, accepted after 0 times, dx, dy=(0.0, 0.0), eric_25
scene0049_00: Seed: 42, Selected_ID: 29, accepted after 4 times, dx, dy=(-0.5436715163764961, -0.6594886809161861), eric_-15
scene0050_00: Seed: 42, Selected_ID: 29, accepted after 5 times, dx, dy=(0.3556654752427012, -1.784487473697647), eric_10
scene0050_01: Seed: 42, Selected_ID: 29, accepted after 12 times, dx, dy=(-0.9361108472637252, -1.2714551915283336), eric_15
scene0050_02: Seed: 42, Selected_ID: 29, accepted after 4 times, dx, dy=(-0.5374700931294811, -1.2114523832310835), eric_15
scene0051_00: Seed: 42, Selected_ID: 39, accepted after 5 times, dx, dy=(-1.5101988761874106, 1.4613250818360959), eric_-15
scene0051_01: Seed: 42, Selected_ID: 39, accepted after 5 times, dx, dy=(-2.3733330368581207, 0.34272124684149735), eric_10
scene0051_02: Seed: 42, Selected_ID: 39, accepted after 5 times, dx, dy=(-2.4833166186526, 0.361815339413415), eric_15
scene0051_03: Seed: 42, Selected_ID: 39, accepted after 5 times, dx, dy=(-2.4677201238297317, 0.31114198934402043), eric_5
scene0052_00: Seed: 42, Selected_ID: 7, accepted after 0 times, dx, dy=(0.0, 0.0), eric_20
scene0052_01: Seed: 42, Selected_ID: 7, accepted after 0 times, dx, dy=(0.0, 0.0), eric_20
scene0052_02: Seed: 42, Selected_ID: 7, accepted after 0 times, dx, dy=(0.0, 0.0), eric_0
scene0053_00: Seed: 42, Selected_ID: 7, accepted after 1 times, dx, dy=(1.4336525783960576, -1.6955832728082576), eric_5
scene0054_00: Seed: 42, Selected_ID: 52, accepted after 2 times, dx, dy=(0.2960265249907167, -3.2952025738999384), eric_5
scene0055_00: Seed: 42, Selected_ID: 7, accepted after 14 times, dx, dy=(-0.3770866683837857, 1.199671263084001), eric_15
scene0055_01: Seed: 42, Selected_ID: 7, accepted after 5 times, dx, dy=(-0.8751166596232781, 0.3347866034331151), eric_25
failed
scene0056_00: Seed: 42, Selected_ID: 39, accepted after 7 times, dx, dy=(1.7489879073865127, -2.742624220655507), eric_10
scene0056_01: Seed: 42, Selected_ID: 7, accepted after 0 times, dx, dy=(0.0, 0.0), eric_20
failed
scene0057_01: Seed: 42, Selected_ID: 7, accepted after 1 times, dx, dy=(0.18571473982381048, -2.0796004806321293), eric_15
scene0058_00: Seed: 42, Selected_ID: 39, accepted after 6 times, dx, dy=(-1.2128020713514616, 1.3576755602139399), eric_15
scene0058_01: Seed: 42, Selected_ID: 29, accepted after 6 times, dx, dy=(0.37868094059155044, 2.1220590731135274), eric_30
scene0059_00: Seed: 42, Selected_ID: 39, accepted after 20 times, dx, dy=(-0.8701334179776873, 1.02200061002507), eric_30
scene0059_01: Seed: 42, Selected_ID: 39, accepted after 2 times, dx, dy=(0.9935719601761387, 0.1366832713934592), eric_25
scene0059_02: Seed: 42, Selected_ID: 7, accepted after 2 times, dx, dy=(0.728713648072619, 0.3525897509913019), eric_20
scene0060_00: Seed: 42, Selected_ID: 7, accepted after 0 times, dx, dy=(0.0, 0.0), eric_-5
scene0060_01: Seed: 42, Selected_ID: 7, accepted after 0 times, dx, dy=(0.0, 0.0), eric_10
scene0061_00: Seed: 42, Selected_ID: 7, accepted after 2 times, dx, dy=(0.7635887695131601, 1.2606994955720798), eric_10
scene0061_01: Seed: 42, Selected_ID: 7, accepted after 7 times, dx, dy=(2.1070594003806473, -2.939348509841549), eric_15
scene0062_00: Seed: 42, Selected_ID: 7, accepted after 0 times, dx, dy=(0.0, 0.0), eric_30
scene0062_01: Seed: 42, Selected_ID: 7, accepted after 5 times, dx, dy=(-0.47722462917949054, 0.043602118698231676), eric_30
scene0062_02: Seed: 42, Selected_ID: 7, accepted after 0 times, dx, dy=(0.0, 0.0), eric_25
scene0063_00: Seed: 42, Selected_ID: 7, accepted after 1 times, dx, dy=(1.071579050902359, -1.180981284011265), eric_15
scene0064_00: Seed: 42, Selected_ID: 39, accepted after 3 times, dx, dy=(-1.0767177774892587, -4.080096436878456), eric_0
scene0064_01: Seed: 42, Selected_ID: 52, accepted after 2 times, dx, dy=(-0.4646859495226626, -4.1546840979025115), eric_0
scene0065_00: Seed: 42, Selected_ID: 7, accepted after 4 times, dx, dy=(-0.3129208338572227, 0.37539874220792896), eric_30
scene0065_01: Seed: 42, Selected_ID: 7, accepted after 3 times, dx, dy=(0.26682969077461394, -1.9133843291979273), eric_25
scene0065_02: Seed: 42, Selected_ID: 7, accepted after 0 times, dx, dy=(0.0, 0.0), eric_20
scene0066_00: Seed: 42, Selected_ID: 29, accepted after 4 times, dx, dy=(-0.8050838269864035, -0.9229212436446771), eric_5
scene0067_00: Seed: 42, Selected_ID: 7, accepted after 0 times, dx, dy=(0.0, 0.0), eric_30
scene0067_01: Seed: 42, Selected_ID: 7, accepted after 0 times, dx, dy=(0.0, 0.0), eric_25
NO SUIT ERIC! Using default scene0067_02: Seed: 42, Selected_ID: 7, accepted after 10000 times, dx, dy=(0.9178182346912557, -0.12018062876324558), eric_0
scene0068_00: Seed: 42, Selected_ID: 39, accepted after 1 times, dx, dy=(-0.3024095235944382, -0.2012133916491235), eric_10
scene0068_01: Seed: 42, Selected_ID: 39, accepted after 2 times, dx, dy=(-0.32259050970598246, 0.03630634895900649), eric_20
NO SUIT ERIC! Using default scene0069_00: Seed: 42, Selected_ID: 7, accepted after 10000 times, dx, dy=(-1.1828015057787686, 2.6447140870140977), eric_0
scene0070_00: Seed: 42, Selected_ID: 7, accepted after 10 times, dx, dy=(-0.5734985324172128, -0.27909570336265127), eric_-15
scene0071_00: Seed: 42, Selected_ID: 7, accepted after 0 times, dx, dy=(0.0, 0.0), eric_10
failed
NO SUIT ERIC! Using default scene0072_01: Seed: 42, Selected_ID: 29, accepted after 10000 times, dx, dy=(0.10232408101179319, -1.5473357631596254), eric_0
failed
scene0073_00: Seed: 42, Selected_ID: 7, accepted after 0 times, dx, dy=(0.0, 0.0), eric_0
scene0073_01: Seed: 42, Selected_ID: 7, accepted after 3 times, dx, dy=(-0.15288675280916297, -1.1281731442938576), eric_25
scene0073_02: Seed: 42, Selected_ID: 7, accepted after 0 times, dx, dy=(0.0, 0.0), eric_20
scene0073_03: Seed: 42, Selected_ID: 7, accepted after 15 times, dx, dy=(-0.08822589275173665, 0.7583521889080796), eric_25
failed
failed
failed
scene0075_00: Seed: 42, Selected_ID: 7, accepted after 8 times, dx, dy=(1.955422702396925, -0.0781192235598414), eric_20
scene0076_00: Seed: 42, Selected_ID: 7, accepted after 5 times, dx, dy=(-1.715922218417532, 1.117571314415122), eric_15
scene0077_00: Seed: 42, Selected_ID: 7, accepted after 4 times, dx, dy=(0.32242535992267896, -1.0843300681282306), eric_20
scene0077_01: Seed: 42, Selected_ID: 7, accepted after 0 times, dx, dy=(0.0, 0.0), eric_10
NO SUIT ERIC! Using default scene0078_00: Seed: 42, Selected_ID: 7, accepted after 10000 times, dx, dy=(-0.930976431440255, -0.5267994173913478), eric_0
scene0078_01: Seed: 42, Selected_ID: 7, accepted after 4 times, dx, dy=(-0.35990825167375584, -0.09423245444262578), eric_30
scene0078_02: Seed: 42, Selected_ID: 7, accepted after 120 times, dx, dy=(-1.3614765828835482, 2.0535384425800363), eric_30
scene0079_00: Seed: 42, Selected_ID: 7, accepted after 0 times, dx, dy=(0.0, 0.0), eric_5
scene0079_01: Seed: 42, Selected_ID: 7, accepted after 3 times, dx, dy=(-0.5024543360651198, -3.617983433746177), eric_15
scene0080_00: Seed: 42, Selected_ID: 7, accepted after 7 times, dx, dy=(0.4361890176450878, -0.8033111505903866), eric_0
scene0080_01: Seed: 42, Selected_ID: 7, accepted after 1 times, dx, dy=(0.23845815297407502, -0.7682028246003132), eric_25
scene0080_02: Seed: 42, Selected_ID: 7, accepted after 5 times, dx, dy=(-0.3227625300478035, 0.5705216922572696), eric_25
scene0081_00: Seed: 42, Selected_ID: 7, accepted after 6 times, dx, dy=(-1.9655705175177478, 1.3340014903710526), eric_20
scene0081_01: Seed: 42, Selected_ID: 39, accepted after 7 times, dx, dy=(2.333376842198234, -4.556819740366513), eric_5
scene0081_02: Seed: 42, Selected_ID: 29, accepted after 3 times, dx, dy=(-2.451861781801871, -0.6257836351514477), eric_30
scene0082_00: Seed: 42, Selected_ID: 7, accepted after 2 times, dx, dy=(0.9313219018612257, 0.8061394641682055), eric_15
failed
failed
scene0084_00: Seed: 42, Selected_ID: 39, accepted after 5 times, dx, dy=(-1.498011357154025, 0.6493482094598276), eric_15
scene0084_01: Seed: 42, Selected_ID: 39, accepted after 5 times, dx, dy=(-1.5161721422837773, 0.8937292780247986), eric_25
scene0084_02: Seed: 42, Selected_ID: 39, accepted after 8 times, dx, dy=(2.0581117729073566, 0.7950713052611803), eric_15
scene0085_00: Seed: 42, Selected_ID: 39, accepted after 2 times, dx, dy=(1.0342323783129155, 0.42676065559886195), eric_5
scene0085_01: Seed: 42, Selected_ID: 29, accepted after 1 times, dx, dy=(-1.092045672914534, 1.5839499338025946), eric_15
scene0086_00: Seed: 42, Selected_ID: 7, accepted after 2 times, dx, dy=(0.8510376606517221, 0.35404626345881357), eric_15
scene0086_01: Seed: 42, Selected_ID: 7, accepted after 2 times, dx, dy=(0.8523294415555761, 0.26906322449324255), eric_10
scene0086_02: Seed: 42, Selected_ID: 29, accepted after 1 times, dx, dy=(-0.18123261296538867, 1.0768155944842628), eric_15
scene0087_00: Seed: 42, Selected_ID: 7, accepted after 1 times, dx, dy=(1.4496214667268639, -1.615172223526089), eric_15
scene0087_01: Seed: 42, Selected_ID: 7, accepted after 3 times, dx, dy=(-0.04417975206199498, -1.8857183425323572), eric_15
scene0087_02: Seed: 42, Selected_ID: 7, accepted after 0 times, dx, dy=(0.0, 0.0), eric_10
scene0088_00: Seed: 42, Selected_ID: 29, accepted after 1 times, dx, dy=(-1.4972601528424825, 1.6502053405960317), eric_15
scene0088_01: Seed: 42, Selected_ID: 7, accepted after 1 times, dx, dy=(1.577629142510233, -2.0072428922894257), eric_10
scene0088_02: Seed: 42, Selected_ID: 39, accepted after 6 times, dx, dy=(-2.523375238338554, 1.4537178509574236), eric_10
scene0088_03: Seed: 42, Selected_ID: 7, accepted after 17 times, dx, dy=(-2.229750030433216, 2.3141545617789574), eric_10
scene0089_00: Seed: 42, Selected_ID: 7, accepted after 38 times, dx, dy=(0.32117672492710436, 0.8900780482236156), eric_30
scene0089_01: Seed: 42, Selected_ID: 7, accepted after 31 times, dx, dy=(0.48028077562519, 0.46769171876366783), eric_30
scene0089_02: Seed: 42, Selected_ID: 7, accepted after 2 times, dx, dy=(0.4669886733324894, 0.5011630565582396), eric_15
scene0090_00: Seed: 42, Selected_ID: 7, accepted after 2 times, dx, dy=(1.9579023919825005, 0.6612914034223679), eric_5
scene0091_00: Seed: 42, Selected_ID: 7, accepted after 0 times, dx, dy=(0.0, 0.0), eric_-5
scene0092_00: Seed: 42, Selected_ID: 39, accepted after 4 times, dx, dy=(-0.06638157909929399, -1.40769058961832), eric_-10
scene0092_01: Seed: 42, Selected_ID: 39, accepted after 7 times, dx, dy=(1.3070243982464538, -2.8128908694151096), eric_30
scene0092_02: Seed: 42, Selected_ID: 39, accepted after 4 times, dx, dy=(-0.0988683851230906, -1.2888093993867078), eric_15
scene0092_03: Seed: 42, Selected_ID: 52, accepted after 235 times, dx, dy=(1.5488219922189619, -4.062286788990736), eric_30
scene0092_04: Seed: 42, Selected_ID: 52, accepted after 0 times, dx, dy=(0.0, 0.0), eric_10
scene0093_00: Seed: 42, Selected_ID: 7, accepted after 1 times, dx, dy=(0.9174736157583471, -1.4362266236989627), eric_15
scene0093_01: Seed: 42, Selected_ID: 7, accepted after 3 times, dx, dy=(-0.06953494794760895, -1.5697872573269078), eric_10
scene0093_02: Seed: 42, Selected_ID: 7, accepted after 3 times, dx, dy=(-0.219833296615482, -1.656079288820838), eric_30
scene0094_00: Seed: 42, Selected_ID: 7, accepted after 3 times, dx, dy=(0.48558644927214967, -1.800940876536807), eric_25
scene0095_00: Seed: 42, Selected_ID: 39, accepted after 15 times, dx, dy=(0.021830039716634553, 2.987550656465985), eric_20
scene0095_01: Seed: 42, Selected_ID: 39, accepted after 14 times, dx, dy=(-0.45801561134732827, 2.9985865229275643), eric_0
failed
scene0096_01: Seed: 42, Selected_ID: 39, accepted after 1 times, dx, dy=(1.1279134408189755, -0.7480986622702072), eric_10
scene0096_02: Seed: 42, Selected_ID: 39, accepted after 6 times, dx, dy=(-1.3314633325004905, 0.5514786489673523), eric_10
NO SUIT ERIC! Using default scene0097_00: Seed: 42, Selected_ID: 7, accepted after 10000 times, dx, dy=(0.6507933458362086, -1.879807925753862), eric_0
failed
scene0098_01: Seed: 42, Selected_ID: 39, accepted after 14 times, dx, dy=(-0.07344670687473243, 2.0197073213299377), eric_20
scene0099_00: Seed: 42, Selected_ID: 7, accepted after 14 times, dx, dy=(-0.27972804473438095, 0.7619885407937236), eric_20
scene0099_01: Seed: 42, Selected_ID: 7, accepted after 2 times, dx, dy=(0.8115867009193213, -0.15990835047157675), eric_30
scene0100_00: Seed: 42, Selected_ID: 7, accepted after 14 times, dx, dy=(-0.2886167916276474, 0.05726134711667037), eric_15
failed
failed
scene0101_00: Seed: 42, Selected_ID: 52, accepted after 13 times, dx, dy=(0.9191170042433606, -2.1226021669098265), eric_0
scene0101_01: Seed: 42, Selected_ID: 52, accepted after 13 times, dx, dy=(0.865752813012472, -1.9086194337165703), eric_20
scene0101_02: Seed: 42, Selected_ID: 52, accepted after 8 times, dx, dy=(-1.2299448826302743, -1.2969936750554631), eric_20
scene0101_03: Seed: 42, Selected_ID: 39, accepted after 0 times, dx, dy=(0.0, 0.0), eric_30
scene0101_04: Seed: 42, Selected_ID: 39, accepted after 0 times, dx, dy=(0.0, 0.0), eric_-5
scene0101_05: Seed: 42, Selected_ID: 39, accepted after 0 times, dx, dy=(0.0, 0.0), eric_10
scene0102_00: Seed: 42, Selected_ID: 39, accepted after 7 times, dx, dy=(1.0669201893533695, -3.448166786038885), eric_20
scene0102_01: Seed: 42, Selected_ID: 29, accepted after 6 times, dx, dy=(0.6685347199556556, 3.63768265669098), eric_0
scene0103_00: Seed: 42, Selected_ID: 7, accepted after 4 times, dx, dy=(0.48422179104982754, -0.4609167026050233), eric_20
scene0103_01: Seed: 42, Selected_ID: 7, accepted after 5 times, dx, dy=(-1.3539246009138721, 0.3948486480255054), eric_10
scene0104_00: Seed: 42, Selected_ID: 39, accepted after 0 times, dx, dy=(0.0, 0.0), eric_5
NO SUIT ERIC! Using default scene0105_00: Seed: 42, Selected_ID: 7, accepted after 10000 times, dx, dy=(-0.6788235516548157, 0.8285014061336596), eric_0
NO SUIT ERIC! Using default scene0105_01: Seed: 42, Selected_ID: 7, accepted after 10000 times, dx, dy=(-0.46324854584502256, 0.48773054160887297), eric_0
NO SUIT ERIC! Using default scene0105_02: Seed: 42, Selected_ID: 7, accepted after 10000 times, dx, dy=(-0.4809333705360633, 0.5705330878084981), eric_0
scene0106_00: Seed: 42, Selected_ID: 39, accepted after 3 times, dx, dy=(-0.34042856786428033, -3.6250082805114947), eric_10
scene0106_01: Seed: 42, Selected_ID: 39, accepted after 5 times, dx, dy=(-1.424431022919289, 1.9404252234399888), eric_0
scene0106_02: Seed: 42, Selected_ID: 7, accepted after 14 times, dx, dy=(-0.5406050031104511, 3.383707295559286), eric_0
scene0107_00: Seed: 42, Selected_ID: 7, accepted after 3 times, dx, dy=(0.021389974294514613, -1.5538871138698307), eric_5
scene0108_00: Seed: 42, Selected_ID: 29, accepted after 0 times, dx, dy=(0.0, 0.0), eric_20
scene0109_00: Seed: 42, Selected_ID: 7, accepted after 0 times, dx, dy=(0.0, 0.0), eric_30
scene0109_01: Seed: 42, Selected_ID: 7, accepted after 0 times, dx, dy=(0.0, 0.0), eric_5
scene0110_00: Seed: 42, Selected_ID: 7, accepted after 0 times, dx, dy=(0.0, 0.0), eric_15
scene0110_01: Seed: 42, Selected_ID: 29, accepted after 0 times, dx, dy=(0.0, 0.0), eric_25
scene0110_02: Seed: 42, Selected_ID: 29, accepted after 0 times, dx, dy=(0.0, 0.0), eric_25
scene0111_00: Seed: 42, Selected_ID: 39, accepted after 2 times, dx, dy=(1.0639561487250604, -0.022362130438945124), eric_5
scene0111_01: Seed: 42, Selected_ID: 39, accepted after 14 times, dx, dy=(-0.17932364684778934, 2.2755354980421707), eric_-15
scene0111_02: Seed: 42, Selected_ID: 39, accepted after 1 times, dx, dy=(-0.21719515931606292, 3.17122336769104), eric_0
scene0112_00: Seed: 42, Selected_ID: 7, accepted after 0 times, dx, dy=(0.0, 0.0), eric_20
NO SUIT ERIC! Using default scene0112_01: Seed: 42, Selected_ID: 7, accepted after 10000 times, dx, dy=(-0.3730850157254303, 1.37233529047133), eric_0
scene0112_02: Seed: 42, Selected_ID: 7, accepted after 5 times, dx, dy=(-0.21679728470252582, 0.5957525807524685), eric_30
scene0113_00: Seed: 42, Selected_ID: 7, accepted after 2 times, dx, dy=(1.7865368273180793, 0.7571628598725696), eric_30
scene0113_01: Seed: 42, Selected_ID: 7, accepted after 6 times, dx, dy=(-2.2971894576135465, 0.410418302812732), eric_25
scene0114_00: Seed: 42, Selected_ID: 7, accepted after 8 times, dx, dy=(1.2381937794702882, 0.4858233540477766), eric_0
scene0114_01: Seed: 42, Selected_ID: 7, accepted after 9 times, dx, dy=(0.5174287113510249, -1.5111813205827656), eric_25
scene0114_02: Seed: 42, Selected_ID: 7, accepted after 3 times, dx, dy=(-0.33365083320009414, -1.5808595888305377), eric_0
scene0115_00: Seed: 42, Selected_ID: 7, accepted after 6 times, dx, dy=(-1.7940949357020948, 1.549776697686495), eric_30
scene0115_01: Seed: 42, Selected_ID: 7, accepted after 4 times, dx, dy=(-0.592160813221735, -0.1738874820803022), eric_5
scene0115_02: Seed: 42, Selected_ID: 7, accepted after 0 times, dx, dy=(0.0, 0.0), eric_0
scene0116_00: Seed: 42, Selected_ID: 7, accepted after 3 times, dx, dy=(-0.20959917065180567, -1.5842485584390973), eric_20
scene0116_01: Seed: 42, Selected_ID: 29, accepted after 3 times, dx, dy=(-0.830245420858514, -0.29333171346732806), eric_30
scene0116_02: Seed: 42, Selected_ID: 29, accepted after 6 times, dx, dy=(0.6221654986457827, 1.5837306565699454), eric_15
scene0117_00: Seed: 42, Selected_ID: 39, accepted after 1 times, dx, dy=(0.6794937243892502, -0.7003970486810858), eric_15
scene0118_00: Seed: 42, Selected_ID: 7, accepted after 0 times, dx, dy=(0.0, 0.0), eric_10
scene0118_01: Seed: 42, Selected_ID: 7, accepted after 0 times, dx, dy=(0.0, 0.0), eric_30
scene0118_02: Seed: 42, Selected_ID: 7, accepted after 0 times, dx, dy=(0.0, 0.0), eric_30
scene0119_00: Seed: 42, Selected_ID: 7, accepted after 379 times, dx, dy=(-0.3224293163006856, -0.538430595686536), eric_30
scene0120_00: Seed: 42, Selected_ID: 7, accepted after 8 times, dx, dy=(0.21862777163171787, 0.36773320625449674), eric_25
scene0120_01: Seed: 42, Selected_ID: 7, accepted after 8 times, dx, dy=(0.2788837244364668, 0.6489056751115861), eric_25
scene0121_00: Seed: 42, Selected_ID: 7, accepted after 5 times, dx, dy=(-0.42305145238565234, 0.1938969642632074), eric_30
scene0121_01: Seed: 42, Selected_ID: 7, accepted after 2 times, dx, dy=(0.12305696915280706, 0.39513527407952403), eric_30
scene0121_02: Seed: 42, Selected_ID: 7, accepted after 0 times, dx, dy=(0.0, 0.0), eric_20
scene0122_00: Seed: 42, Selected_ID: 7, accepted after 4 times, dx, dy=(-0.1492872614861821, -0.3202959685514191), eric_10
NO SUIT ERIC! Using default scene0122_01: Seed: 42, Selected_ID: 7, accepted after 10000 times, dx, dy=(-0.8102516911974599, 1.1900996303562439), eric_0
scene0123_00: Seed: 42, Selected_ID: 7, accepted after 0 times, dx, dy=(0.0, 0.0), eric_25
scene0123_01: Seed: 42, Selected_ID: 7, accepted after 0 times, dx, dy=(0.0, 0.0), eric_5
scene0123_02: Seed: 42, Selected_ID: 7, accepted after 0 times, dx, dy=(0.0, 0.0), eric_10
NO SUIT ERIC! Using default scene0124_00: Seed: 42, Selected_ID: 7, accepted after 10000 times, dx, dy=(-0.6387556499755593, -0.3609583557383554), eric_0
scene0124_01: Seed: 42, Selected_ID: 7, accepted after 1 times, dx, dy=(0.008648168291944813, -0.4972713213357615), eric_-5
scene0125_00: Seed: 42, Selected_ID: 7, accepted after 3 times, dx, dy=(-0.7427067477968635, -2.253108006332803), eric_10
scene0126_00: Seed: 42, Selected_ID: 39, accepted after 1 times, dx, dy=(0.7228128093901415, -1.2752554664894282), eric_20
scene0126_01: Seed: 42, Selected_ID: 7, accepted after 9 times, dx, dy=(0.293664733470237, -1.672561615974644), eric_10
scene0126_02: Seed: 42, Selected_ID: 7, accepted after 9 times, dx, dy=(0.3062537414382326, -1.9635558514484572), eric_15
scene0127_00: Seed: 42, Selected_ID: 7, accepted after 0 times, dx, dy=(0.0, 0.0), eric_30
scene0127_01: Seed: 42, Selected_ID: 7, accepted after 3 times, dx, dy=(-0.15366507519995676, -1.5531627950822242), eric_25
scene0128_00: Seed: 42, Selected_ID: 7, accepted after 6 times, dx, dy=(-0.8088008847983156, 1.0693399341086127), eric_30
scene0129_00: Seed: 42, Selected_ID: 29, accepted after 0 times, dx, dy=(0.0, 0.0), eric_0
scene0130_00: Seed: 42, Selected_ID: 7, accepted after 7 times, dx, dy=(0.8787644603465473, -2.003288240262121), eric_10
scene0131_00: Seed: 42, Selected_ID: 39, accepted after 6 times, dx, dy=(-1.8050432046705849, 1.2657960855510597), eric_20
scene0131_01: Seed: 42, Selected_ID: 39, accepted after 7 times, dx, dy=(1.739212499193851, -3.08290243436837), eric_30
scene0131_02: Seed: 42, Selected_ID: 39, accepted after 1 times, dx, dy=(1.747599546590521, -1.7420401382525703), eric_20
scene0132_00: Seed: 42, Selected_ID: 7, accepted after 1 times, dx, dy=(1.5163180091587187, -3.0923579312872818), eric_10
scene0132_01: Seed: 42, Selected_ID: 7, accepted after 6 times, dx, dy=(-4.181572997063173, 0.6551470683305783), eric_5
scene0132_02: Seed: 42, Selected_ID: 7, accepted after 5 times, dx, dy=(-1.1068226113654154, -0.6018882776083042), eric_15
scene0133_00: Seed: 42, Selected_ID: 7, accepted after 4 times, dx, dy=(0.36359824999897106, -0.8840734355879182), eric_20
scene0134_00: Seed: 42, Selected_ID: 7, accepted after 19 times, dx, dy=(-2.04888431000361, -0.9455934080616342), eric_25
scene0134_01: Seed: 42, Selected_ID: 7, accepted after 6 times, dx, dy=(-1.8783219289511934, 0.08085413162477668), eric_0
scene0134_02: Seed: 42, Selected_ID: 7, accepted after 7 times, dx, dy=(1.8205955823215514, -2.0509827053723626), eric_5
scene0135_00: Seed: 42, Selected_ID: 7, accepted after 7 times, dx, dy=(1.3545347026090493, -0.7405983924707114), eric_0
scene0136_00: Seed: 42, Selected_ID: 39, accepted after 7 times, dx, dy=(0.8874578459787029, -2.0696749194139805), eric_15
failed
scene0136_02: Seed: 42, Selected_ID: 29, accepted after 9 times, dx, dy=(-0.6558984047902683, -2.261460087741089), eric_5
scene0137_00: Seed: 42, Selected_ID: 29, accepted after 0 times, dx, dy=(0.0, 0.0), eric_15
scene0137_01: Seed: 42, Selected_ID: 29, accepted after 5 times, dx, dy=(0.2928226158137194, -3.1242316277551985), eric_25
scene0137_02: Seed: 42, Selected_ID: 39, accepted after 2 times, dx, dy=(0.6553430967868951, 0.6733104280261352), eric_5
scene0138_00: Seed: 42, Selected_ID: 39, accepted after 1 times, dx, dy=(1.2077924522870211, -3.1937901042812356), eric_5
scene0139_00: Seed: 42, Selected_ID: 7, accepted after 1 times, dx, dy=(0.788511245037188, -0.8083211946414798), eric_0
scene0140_00: Seed: 42, Selected_ID: 39, accepted after 1 times, dx, dy=(1.1153666374758537, -2.102721932872358), eric_0
scene0140_01: Seed: 42, Selected_ID: 39, accepted after 3 times, dx, dy=(-0.22117914573073916, -3.0053681230084615), eric_10
scene0141_00: Seed: 42, Selected_ID: 52, accepted after 153 times, dx, dy=(0.818286633992738, 0.3323475883669758), eric_10
scene0141_01: Seed: 42, Selected_ID: 52, accepted after 1 times, dx, dy=(0.7890722839275753, 0.9529952144668891), eric_20
scene0141_02: Seed: 42, Selected_ID: 52, accepted after 174 times, dx, dy=(-0.8220266627596904, -0.5301575546983249), eric_10
scene0142_00: Seed: 42, Selected_ID: 39, accepted after 0 times, dx, dy=(0.0, 0.0), eric_20
scene0142_01: Seed: 42, Selected_ID: 39, accepted after 0 times, dx, dy=(0.0, 0.0), eric_25
failed
scene0143_01: Seed: 42, Selected_ID: 39, accepted after 5 times, dx, dy=(-0.7168863059348443, 1.2100905208285717), eric_-5
scene0143_02: Seed: 42, Selected_ID: 29, accepted after 9 times, dx, dy=(-1.3125552472855375, -2.581778107275119), eric_0
scene0144_00: Seed: 42, Selected_ID: 7, accepted after 0 times, dx, dy=(0.0, 0.0), eric_10
scene0144_01: Seed: 42, Selected_ID: 7, accepted after 4 times, dx, dy=(-0.507734892197376, -0.36370707331565005), eric_5
scene0145_00: Seed: 42, Selected_ID: 7, accepted after 1 times, dx, dy=(2.26696586593423, -0.9119147221166048), eric_25
scene0146_00: Seed: 42, Selected_ID: 7, accepted after 6 times, dx, dy=(-0.37943869878673664, 0.2890282321852294), eric_30
scene0146_01: Seed: 42, Selected_ID: 7, accepted after 0 times, dx, dy=(0.0, 0.0), eric_30
scene0146_02: Seed: 42, Selected_ID: 7, accepted after 2 times, dx, dy=(0.22515774746260864, 0.2987410881170614), eric_30
scene0147_00: Seed: 42, Selected_ID: 29, accepted after 86 times, dx, dy=(0.622448547034468, 1.5571549024585194), eric_30
scene0147_01: Seed: 42, Selected_ID: 39, accepted after 3 times, dx, dy=(-0.18060716469875715, -2.800259887836108), eric_0
scene0148_00: Seed: 42, Selected_ID: 7, accepted after 1 times, dx, dy=(1.4063274519738949, -0.5044366577343758), eric_10
NO SUIT ERIC! Using default scene0149_00: Seed: 42, Selected_ID: 7, accepted after 10000 times, dx, dy=(-0.522416587081673, -0.9489912710871352), eric_0
scene0150_00: Seed: 42, Selected_ID: 7, accepted after 3 times, dx, dy=(-0.5105764853435756, -1.773074699593625), eric_30
scene0150_01: Seed: 42, Selected_ID: 7, accepted after 3 times, dx, dy=(-0.9279148654374071, -1.8255717758418841), eric_25
failed
scene0151_00: Seed: 42, Selected_ID: 39, accepted after 6 times, dx, dy=(-3.2263423513577454, 1.5506275421055522), eric_0
scene0151_01: Seed: 42, Selected_ID: 7, accepted after 2 times, dx, dy=(1.4147157191929631, 1.3425422611985034), eric_25
scene0152_00: Seed: 42, Selected_ID: 7, accepted after 0 times, dx, dy=(0.0, 0.0), eric_25
scene0152_01: Seed: 42, Selected_ID: 39, accepted after 0 times, dx, dy=(0.0, 0.0), eric_10
scene0152_02: Seed: 42, Selected_ID: 39, accepted after 0 times, dx, dy=(0.0, 0.0), eric_20
scene0153_00: Seed: 42, Selected_ID: 7, accepted after 0 times, dx, dy=(0.0, 0.0), eric_30
scene0153_01: Seed: 42, Selected_ID: 7, accepted after 2 times, dx, dy=(0.35910642246090035, 0.15240763010875907), eric_-15
scene0154_00: Seed: 42, Selected_ID: 7, accepted after 1 times, dx, dy=(0.6804356308092404, 2.2932834733124503), eric_10
scene0155_00: Seed: 42, Selected_ID: 29, accepted after 0 times, dx, dy=(0.0, 0.0), eric_10
scene0155_01: Seed: 42, Selected_ID: 7, accepted after 1 times, dx, dy=(1.2963151496288479, -1.8863297712854676), eric_30
scene0155_02: Seed: 42, Selected_ID: 7, accepted after 1 times, dx, dy=(1.188397706583657, -1.9237221706821512), eric_10
scene0156_00: Seed: 42, Selected_ID: 7, accepted after 1 times, dx, dy=(1.8028531751507133, -0.9886523796151151), eric_10
scene0157_00: Seed: 42, Selected_ID: 7, accepted after 8 times, dx, dy=(0.7570169961945316, 0.605021418865277), eric_20
NO SUIT ERIC! Using default scene0157_01: Seed: 42, Selected_ID: 7, accepted after 10000 times, dx, dy=(0.8656894147355433, 0.21189618485087675), eric_0
scene0158_00: Seed: 42, Selected_ID: 29, accepted after 1 times, dx, dy=(-0.08552936850010628, 0.9635202528772256), eric_25
scene0158_01: Seed: 42, Selected_ID: 29, accepted after 0 times, dx, dy=(0.0, 0.0), eric_5
scene0158_02: Seed: 42, Selected_ID: 29, accepted after 0 times, dx, dy=(0.0, 0.0), eric_5
scene0159_00: Seed: 42, Selected_ID: 7, accepted after 0 times, dx, dy=(0.0, 0.0), eric_15
scene0160_00: Seed: 42, Selected_ID: 7, accepted after 7 times, dx, dy=(2.8595879365516286, -0.8142014116276524), eric_10
scene0160_01: Seed: 42, Selected_ID: 7, accepted after 7 times, dx, dy=(1.7507488316480164, -2.6968429438806707), eric_15
failed
scene0160_03: Seed: 42, Selected_ID: 7, accepted after 7 times, dx, dy=(2.235655387132438, -0.9716140360810613), eric_30
scene0160_04: Seed: 42, Selected_ID: 7, accepted after 139 times, dx, dy=(-1.8606592945121503, -1.2194185218122144), eric_30
scene0161_00: Seed: 42, Selected_ID: 7, accepted after 5 times, dx, dy=(-1.7490516959882223, -0.15173283411337263), eric_10
scene0161_01: Seed: 42, Selected_ID: 7, accepted after 10 times, dx, dy=(-1.7286261293391818, 0.08186155287178871), eric_25
scene0161_02: Seed: 42, Selected_ID: 7, accepted after 525 times, dx, dy=(0.8080859593309725, -1.0056807336332296), eric_20
failed
scene0163_00: Seed: 42, Selected_ID: 7, accepted after 1 times, dx, dy=(0.6972728353132988, -1.3759339398696828), eric_15
scene0163_01: Seed: 42, Selected_ID: 7, accepted after 15 times, dx, dy=(-0.10136334032108596, 1.719650293530859), eric_30
scene0164_00: Seed: 42, Selected_ID: 39, accepted after 7 times, dx, dy=(1.475851982463138, -0.4102127575964451), eric_5
scene0164_01: Seed: 42, Selected_ID: 39, accepted after 8 times, dx, dy=(1.4369235875227835, 0.18813536081220356), eric_-15
scene0164_02: Seed: 42, Selected_ID: 39, accepted after 1 times, dx, dy=(0.23388458980320426, -1.0274983719992525), eric_30
scene0164_03: Seed: 42, Selected_ID: 39, accepted after 7 times, dx, dy=(0.34258239879145513, -1.3565890353746866), eric_25
scene0165_00: Seed: 42, Selected_ID: 7, accepted after 3 times, dx, dy=(0.49010986471400886, -1.3692338197346317), eric_10
scene0165_01: Seed: 42, Selected_ID: 7, accepted after 4 times, dx, dy=(-0.5191444160783124, -1.0494444798042664), eric_20
scene0165_02: Seed: 42, Selected_ID: 7, accepted after 0 times, dx, dy=(0.0, 0.0), eric_15
scene0166_00: Seed: 42, Selected_ID: 39, accepted after 3 times, dx, dy=(-0.3361308482064379, -1.2304974562179847), eric_5
scene0166_01: Seed: 42, Selected_ID: 39, accepted after 7 times, dx, dy=(1.4527478544653047, -1.5510611746331773), eric_15
scene0166_02: Seed: 42, Selected_ID: 39, accepted after 4 times, dx, dy=(-0.007475496784453806, -0.6029689608096764), eric_5
scene0167_00: Seed: 42, Selected_ID: 39, accepted after 0 times, dx, dy=(0.0, 0.0), eric_20
scene0168_00: Seed: 42, Selected_ID: 39, accepted after 5 times, dx, dy=(-0.8059986329731131, 0.6153288318698297), eric_0
scene0168_01: Seed: 42, Selected_ID: 39, accepted after 37 times, dx, dy=(-1.7421240127188766, -1.4238899962388478), eric_20
scene0168_02: Seed: 42, Selected_ID: 39, accepted after 6 times, dx, dy=(-0.9572743353882599, 0.9973256835263354), eric_10
scene0169_00: Seed: 42, Selected_ID: 39, accepted after 7 times, dx, dy=(1.4909529352242714, -2.985841624835031), eric_25
scene0169_01: Seed: 42, Selected_ID: 39, accepted after 7 times, dx, dy=(1.563793527322073, -2.778749376135279), eric_10
scene0170_00: Seed: 42, Selected_ID: 7, accepted after 2 times, dx, dy=(0.3966007040307734, -0.5921492501403808), eric_15
scene0170_01: Seed: 42, Selected_ID: 7, accepted after 2 times, dx, dy=(-0.3130432833128327, 0.5510306209815506), eric_15
NO SUIT ERIC! Using default scene0170_02: Seed: 42, Selected_ID: 7, accepted after 10000 times, dx, dy=(-0.18598592808492653, 0.3813355735540804), eric_0
scene0171_00: Seed: 42, Selected_ID: 7, accepted after 7 times, dx, dy=(1.4902611614532089, -2.8721861959392188), eric_5
scene0171_01: Seed: 42, Selected_ID: 7, accepted after 1 times, dx, dy=(1.9190660340675159, -2.8250584954289093), eric_5
scene0172_00: Seed: 42, Selected_ID: 7, accepted after 95 times, dx, dy=(-0.5762113651638753, 1.1819515674629926), eric_30
scene0172_01: Seed: 42, Selected_ID: 7, accepted after 0 times, dx, dy=(0.0, 0.0), eric_20
scene0173_00: Seed: 42, Selected_ID: 29, accepted after 5 times, dx, dy=(0.640359215581693, -2.240499503873818), eric_5
scene0173_01: Seed: 42, Selected_ID: 7, accepted after 14 times, dx, dy=(-0.2909054486697388, 2.6898636187017337), eric_10
scene0173_02: Seed: 42, Selected_ID: 7, accepted after 14 times, dx, dy=(0.18031267815009622, 2.72069063363448), eric_15
scene0174_00: Seed: 42, Selected_ID: 7, accepted after 0 times, dx, dy=(0.0, 0.0), eric_5
scene0174_01: Seed: 42, Selected_ID: 29, accepted after 0 times, dx, dy=(0.0, 0.0), eric_15
scene0175_00: Seed: 42, Selected_ID: 39, accepted after 0 times, dx, dy=(0.0, 0.0), eric_10
failed
scene0177_00: Seed: 42, Selected_ID: 29, accepted after 1 times, dx, dy=(-0.6222745196596631, 1.0922576920126918), eric_10
scene0177_01: Seed: 42, Selected_ID: 29, accepted after 1 times, dx, dy=(-0.720932823720008, 1.055829144912266), eric_15
scene0177_02: Seed: 42, Selected_ID: 7, accepted after 14 times, dx, dy=(-0.4368082963919253, 1.8333665476641243), eric_0
scene0178_00: Seed: 42, Selected_ID: 39, accepted after 0 times, dx, dy=(0.0, 0.0), eric_25
scene0179_00: Seed: 42, Selected_ID: 7, accepted after 15 times, dx, dy=(-0.23560462544870708, 1.427855798877305), eric_0
scene0180_00: Seed: 42, Selected_ID: 29, accepted after 6 times, dx, dy=(1.0533655390771992, 5.198260730388192), eric_0
scene0181_00: Seed: 42, Selected_ID: 39, accepted after 0 times, dx, dy=(0.0, 0.0), eric_20
scene0181_01: Seed: 42, Selected_ID: 39, accepted after 0 times, dx, dy=(0.0, 0.0), eric_-15
scene0181_02: Seed: 42, Selected_ID: 29, accepted after 2 times, dx, dy=(0.5782808015691708, -0.20728129245786525), eric_-15
scene0181_03: Seed: 42, Selected_ID: 7, accepted after 0 times, dx, dy=(0.0, 0.0), eric_20
NO SUIT ERIC! Using default scene0182_00: Seed: 42, Selected_ID: 7, accepted after 10000 times, dx, dy=(-0.8903462350893634, 1.259563499591467), eric_0
failed
failed
failed
scene0184_00: Seed: 42, Selected_ID: 7, accepted after 12 times, dx, dy=(1.55534266231377, -0.7926920103441859), eric_0
scene0185_00: Seed: 42, Selected_ID: 39, accepted after 0 times, dx, dy=(0.0, 0.0), eric_15
scene0186_00: Seed: 42, Selected_ID: 39, accepted after 1 times, dx, dy=(1.993494694516964, -1.2108898648996067), eric_5
scene0186_01: Seed: 42, Selected_ID: 29, accepted after 2 times, dx, dy=(-0.18988685768363267, -0.25531942834943616), eric_20
scene0187_00: Seed: 42, Selected_ID: 7, accepted after 0 times, dx, dy=(0.0, 0.0), eric_10
scene0187_01: Seed: 42, Selected_ID: 7, accepted after 0 times, dx, dy=(0.0, 0.0), eric_20
scene0188_00: Seed: 42, Selected_ID: 7, accepted after 3 times, dx, dy=(0.2116920375151613, -1.601891192485873), eric_30
scene0189_00: Seed: 42, Selected_ID: 7, accepted after 0 times, dx, dy=(0.0, 0.0), eric_20
scene0190_00: Seed: 42, Selected_ID: 7, accepted after 3 times, dx, dy=(-0.23775938944313024, -1.8171223548410957), eric_0
scene0191_00: Seed: 42, Selected_ID: 7, accepted after 4 times, dx, dy=(0.46233367430072914, -1.4384911535404818), eric_10
scene0191_01: Seed: 42, Selected_ID: 7, accepted after 7 times, dx, dy=(1.275796473970149, -3.74104738978849), eric_5
scene0191_02: Seed: 42, Selected_ID: 7, accepted after 0 times, dx, dy=(0.0, 0.0), eric_10
scene0192_00: Seed: 42, Selected_ID: 7, accepted after 1 times, dx, dy=(1.5234830468870375, -1.728129822994152), eric_15
scene0192_01: Seed: 42, Selected_ID: 7, accepted after 5 times, dx, dy=(-1.8151016325744513, 0.6902235524296975), eric_0
scene0192_02: Seed: 42, Selected_ID: 7, accepted after 7 times, dx, dy=(1.8959038390001703, -1.5518089717270334), eric_30
NO SUIT ERIC! Using default scene0193_00: Seed: 42, Selected_ID: 7, accepted after 10000 times, dx, dy=(-1.3631188968444548, 1.850118686755102), eric_0
scene0193_01: Seed: 42, Selected_ID: 7, accepted after 6 times, dx, dy=(-1.5633778328714998, 1.2549096678926206), eric_15
failed
NO SUIT ERIC! Using default scene0195_00: Seed: 42, Selected_ID: 7, accepted after 10000 times, dx, dy=(-1.0133269055107768, -0.7899739516876355), eric_0
scene0195_01: Seed: 42, Selected_ID: 7, accepted after 19 times, dx, dy=(-0.8116168910341787, -0.8951395229837568), eric_20
NO SUIT ERIC! Using default scene0195_02: Seed: 42, Selected_ID: 7, accepted after 10000 times, dx, dy=(-0.7041248870292326, -0.7434028805330698), eric_0
scene0196_00: Seed: 42, Selected_ID: 29, accepted after 1 times, dx, dy=(-1.1866407432383186, 1.9207922171054872), eric_20
scene0197_00: Seed: 42, Selected_ID: 7, accepted after 0 times, dx, dy=(0.0, 0.0), eric_25
scene0197_01: Seed: 42, Selected_ID: 7, accepted after 0 times, dx, dy=(0.0, 0.0), eric_0
scene0197_02: Seed: 42, Selected_ID: 29, accepted after 11 times, dx, dy=(-0.16480987225470828, 1.5906335948443655), eric_25
scene0198_00: Seed: 42, Selected_ID: 7, accepted after 95 times, dx, dy=(0.18100318330420462, 1.4616306538764567), eric_25
scene0199_00: Seed: 42, Selected_ID: 7, accepted after 1 times, dx, dy=(0.4975674522033108, -2.5063250673259936), eric_15
scene0200_00: Seed: 42, Selected_ID: 7, accepted after 1 times, dx, dy=(0.7606082174077174, -0.5397396409953352), eric_20
scene0200_01: Seed: 42, Selected_ID: 7, accepted after 19 times, dx, dy=(-1.135604451079201, -0.8119694733987056), eric_20
scene0200_02: Seed: 42, Selected_ID: 7, accepted after 1 times, dx, dy=(0.7526704799915057, -0.8909845724488329), eric_20
