floor: [-2.9430544, 3.3117733, -3.407534, 2.9572406, -0.06493457, 0.1866423] scene0000_00: accepted after 0 times, dx, dy=(0.0, 0.0) eric_0.ply 52
floor: [-2.5707963, 3.3260248, -3.36713, 3.5095096, -0.049307298, 0.23772137] scene0000_01: accepted after 0 times, dx, dy=(0.0, 0.0) eric_30.ply 52
floor: [-3.3406177, 3.4622538, -3.3204684, 2.6395283, -0.038100746, 0.28306356] scene0000_02: accepted after 0 times, dx, dy=(0.0, 0.0) eric_5.ply 52
floor: [-1.8090849, 2.5037737, -3.9749432, 3.7825785, -0.086186536, 0.5079466] scene0001_00: accepted after 0 times, dx, dy=(0.0, 0.0) eric_20.ply 7
floor: [-2.4041336, 1.6399505, -4.1707435, 3.246401, -0.08591719, 0.34316063] scene0001_01: accepted after 0 times, dx, dy=(0.0, 0.0) eric_25.ply 7
floor: [-1.7761176, 2.0648258, -2.099758, 2.7082157, -0.33904535, 0.25767836] scene0002_00: accepted after 763 times, dx, dy=(-0.7868533164956399, -0.6910964432368422) eric_-5.ply 52
floor: [-1.8857892, 1.9394053, -2.2205563, 2.28231, -0.052849896, 0.32457674] scene0002_01: accepted after 26 times, dx, dy=(1.339113812345468, -0.15637354303993972) eric_30.ply 39
floor: [-3.125788, 1.6305977, -2.0527906, 0.9930075, -0.060465164, 0.101365045] scene0003_00: accepted after 0 times, dx, dy=(0.0, 0.0) NO SUIT ERIC! Using default eric_0.ply 7
floor: [-2.0595324, 1.014227, -1.6912614, 3.1960187, -0.049711462, 0.19410671] scene0003_01: accepted after 0 times, dx, dy=(0.0, 0.0) NO SUIT ERIC! Using default eric_0.ply 7
floor: [-0.9139668, 1.7740397, -3.4306924, 1.6171861, -0.062569134, 0.19973174] scene0003_02: accepted after 0 times, dx, dy=(0.0, 0.0) NO SUIT ERIC! Using default eric_0.ply 7
floor: [-1.2913796, 1.4935352, -4.834583, 5.034495, -0.31526235, 0.78390056] scene0004_00: accepted after 0 times, dx, dy=(0.0, 0.0) eric_10.ply 7
floor: [-1.9898573, 1.5317311, -2.9294586, 1.8300548, -0.07662229, 0.1588688] scene0005_00: accepted after 3 times, dx, dy=(-0.41681789844219985, -2.4146266688495266) NO SUIT ERIC! Using default eric_0.ply 7
floor: [-1.8210385, 1.6773298, -3.1666188, 1.8891418, -0.060430527, 0.20234722] scene0005_01: accepted after 3 times, dx, dy=(-0.2583513312753748, -2.622169605258127) eric_-5.ply 7
floor: [-1.6654804, 2.241996, -3.5575662, 3.755714, -0.092615366, 0.23768844] scene0006_00: accepted after 15 times, dx, dy=(0.16138462622112526, 2.7704189026543395) eric_5.ply 39
floor: [-1.798163, 2.153954, -3.2152715, 4.018343, -0.09798917, 0.23215865] scene0006_01: accepted after 15 times, dx, dy=(0.04953849324654336, 3.044205874846224) eric_0.ply 39
floor: [-1.6696826, 2.2572923, -2.9619465, 4.2169127, -0.15354998, 0.22069733] scene0006_02: accepted after 15 times, dx, dy=(0.166283484991402, 3.250444642038335) eric_5.ply 39
floor: [-1.1377695, 0.9910007, -2.3287926, 3.0880759, -0.15537207, 0.19184066] scene0007_00: accepted after 3 times, dx, dy=(-0.1856940210107243, -1.7482416287456277) eric_-5.ply 7
floor: [-3.2873333, 1.8604938, -7.025751, 3.7372878, -0.1444098, 0.3425938] scene0008_00: accepted after 3 times, dx, dy=(-2.7696796642351074, -2.043837546465426) eric_0.ply 29
floor: [-2.9265938, 0.8511312, -2.9348717, 3.7129457, -0.03403643, 0.25211877] scene0009_00: accepted after 4 times, dx, dy=(-1.1886777687001104, -0.6774376912799381) eric_10.ply 7
floor: [-2.1606557, 1.0858636, -2.8880684, 3.773881, -0.026492946, 0.108141415] scene0009_01: accepted after 1 times, dx, dy=(-1.5621311463485057, 2.345193364968725) eric_15.ply 29
floor: [-2.0562282, 1.1568812, -3.0049293, 3.6238651, -0.029366964, 0.09528377] scene0009_02: accepted after 1 times, dx, dy=(-1.4638320961458344, 2.2024822428140296) eric_0.ply 29
floor: [-1.8852376, 2.407819, -2.5631945, 2.4988744, -0.09190038, 0.1839039] scene0010_00: accepted after 2 times, dx, dy=(0.6878371151232175, -1.7344173995996504) eric_5.ply 52
floor: [-1.9625052, 1.6978034, -2.5565, 2.563766, -0.10734691, 0.19823264] scene0010_01: accepted after 7 times, dx, dy=(1.4758873305012528, -2.5135124698112334) NO SUIT ERIC! Using default eric_0.ply 39
floor: [-3.3092108, 1.6191984, -4.670949, 3.6968417, -0.08170432, 0.20874564] scene0011_00: accepted after 1 times, dx, dy=(-2.4021690897269776, 1.8923417461560723) eric_0.ply 29
floor: [-3.0503402, 1.5268807, -3.9663017, 3.4901845, -0.13140991, 0.21435168] scene0011_01: accepted after 5 times, dx, dy=(-2.39340718832712, 0.9260392530266278) eric_20.ply 7
failed
failed
failed
floor: [-2.2134397, 2.3915567, -2.4548295, 2.9464648, -0.059795942, 0.11056538] scene0013_00: accepted after 1 times, dx, dy=(2.1675965228120724, 1.5378852009145223) eric_25.ply 4
floor: [-2.123629, 1.6046079, -2.4882236, 1.6574641, -0.035894506, 0.24022155] scene0013_01: accepted after 1 times, dx, dy=(1.4238593050198953, 0.5853946405784533) eric_25.ply 4
floor: [-3.047504, 2.4905744, -2.7201908, 2.5613143, -0.042847313, 0.26808104] scene0013_02: accepted after 1 times, dx, dy=(1.3668134887925252, -1.7123789838325385) NO SUIT ERIC! Using default eric_0.ply 7
floor: [-1.6085476, 1.3961153, -0.98751813, 0.97156, -0.0833802, 0.5480687] scene0014_00: accepted after 7 times, dx, dy=(-1.603207639420412, 0.9953017783493033) eric_20.ply 29
floor: [-2.9445324, 2.4805782, -4.3249655, 3.1196241, -0.09102451, 0.40455276] scene0015_00: accepted after 4 times, dx, dy=(-0.45005626293029544, -1.8016418161121057) eric_10.ply 39
floor: [-2.6564019, 1.4029943, -2.033464, 2.6264641, -0.06142564, 0.17468971] scene0016_00: accepted after 0 times, dx, dy=(0.0, 0.0) eric_30.ply 39
floor: [-2.4349062, 1.4102474, -2.0537217, 2.56362, -0.060387485, 0.16424887] scene0016_01: accepted after 4 times, dx, dy=(-0.6660236182429403, -0.47387488195088684) eric_20.ply 39
floor: [-2.7039063, 1.4077728, -2.138926, 2.6329298, -0.07111088, 0.1364619] scene0016_02: accepted after 4 times, dx, dy=(-0.8126222373840567, -0.5075166472378677) eric_15.ply 39
floor: [-2.2872648, 1.579701, -1.6184044, 3.475979, -0.07063539, 0.09245742] scene0017_00: accepted after 14 times, dx, dy=(-0.8052973950814953, 3.429550557027073) eric_25.ply 7
floor: [-1.3144846, 2.2498908, -2.7472923, 1.5590068, -0.065363415, 0.08471085] scene0017_01: accepted after 3 times, dx, dy=(0.2776307007753608, -2.277770379230778) eric_20.ply 7
floor: [-1.5449716, 2.3175678, -3.8657403, 1.8737904, -0.121037774, 0.12490451] scene0017_02: accepted after 4 times, dx, dy=(0.23189530446799111, -1.9114095263378583) eric_15.ply 7
floor: [-1.461888, 1.1270635, -0.8284621, 2.074682, -0.049466822, 0.07946236] scene0018_00: accepted after 4 times, dx, dy=(-0.26991480767165255, 0.17934206874122188) NO SUIT ERIC! Using default eric_0.ply 7
floor: [-2.7232661, 1.7859436, -3.121462, 3.7055445, -0.07589131, 0.21706705] scene0019_00: accepted after 0 times, dx, dy=(0.0, 0.0) eric_10.ply 7
floor: [-1.6495312, 3.109121, -3.750865, 3.1381404, -0.14729741, 0.2540198] scene0019_01: accepted after 0 times, dx, dy=(0.0, 0.0) eric_5.ply 7
floor: [-1.6720576, 2.1825182, -2.3959558, 1.7678342, -0.099810615, 0.102808475] scene0020_00: accepted after 7 times, dx, dy=(1.948664998536135, -2.3537131837843317) eric_10.ply 39
floor: [-1.7347113, 2.193597, -1.7040861, 1.6617368, -0.10299731, 0.11475744] scene0020_01: accepted after 25 times, dx, dy=(0.49839072640720505, -1.5596910718512111) eric_25.ply 39
floor: [-2.3104641, 2.8618805, -2.7933521, 3.081554, -0.061789706, 0.21802308] scene0021_00: accepted after 1 times, dx, dy=(1.8125307403895423, -1.6766899679106944) eric_5.ply 7
floor: [-2.4671774, 2.2921233, -3.7889748, 4.2520905, -0.17058176, 0.93015146] scene0022_00: accepted after 0 times, dx, dy=(0.0, 0.0) NO SUIT ERIC! Using default eric_0.ply 29
floor: [-2.200582, 2.5596266, -4.6151457, 5.8224106, -0.117982276, 0.8060277] scene0022_01: accepted after 0 times, dx, dy=(0.0, 0.0) eric_5.ply 39
floor: [-2.3302443, 2.4036512, -4.3379946, 2.2193594, -0.10463585, 0.70407516] scene0023_00: accepted after 1 times, dx, dy=(1.4435068004447746, -3.0961477273138827) eric_20.ply 7
floor: [-2.4152567, 3.3261118, -3.9309607, 3.102086, -0.039080646, 0.16940795] scene0024_00: accepted after 0 times, dx, dy=(0.0, 0.0) eric_10.ply 52
floor: [-1.9613979, 3.4903128, -4.2269616, 2.6127012, -0.04830714, 0.16782919] scene0024_01: accepted after 0 times, dx, dy=(0.0, 0.0) eric_30.ply 39
floor: [-2.5099466, 3.1833336, -3.9321864, 3.0946937, -0.06547721, 0.14501075] scene0024_02: accepted after 0 times, dx, dy=(0.0, 0.0) eric_0.ply 39
floor: [-1.5311234, 1.679392, -2.1756444, 2.385996, -0.051349483, 0.08821395] scene0025_00: accepted after 15 times, dx, dy=(-0.029573896550101897, 1.7860947951241972) eric_25.ply 39
floor: [-1.5557319, 1.6253124, -1.9223133, 2.3451574, -0.12192252, -0.004262871] scene0025_01: accepted after 42 times, dx, dy=(-0.3731425902122004, 0.9709472075256332) eric_15.ply 29
floor: [-1.5660665, 1.5827589, -2.0871806, 2.4990935, -0.14405058, 0.08210945] scene0025_02: accepted after 15 times, dx, dy=(-0.09331164620755039, 1.8957418409329885) eric_10.ply 39
floor: [-1.9460237, 1.1347486, -1.8072733, 1.1011854, -0.0982903, 0.16287793] scene0026_00: accepted after 0 times, dx, dy=(0.0, 0.0) eric_30.ply 29
floor: [-1.8904289, 1.7867522, -2.31024, 3.45402, -0.12199652, 0.19950883] scene0027_00: accepted after 3 times, dx, dy=(-0.24802106401072688, -1.6949585928376187) eric_25.ply 7
floor: [-2.137982, 1.6269603, -2.5511873, 3.190358, -0.09732589, 0.07998953] scene0027_01: accepted after 3 times, dx, dy=(-0.4564473600077753, -1.9381767787701702) eric_5.ply 7
floor: [-1.5673364, 2.1562605, -2.3860111, 3.190526, -0.062031396, 0.06955184] scene0027_02: accepted after 3 times, dx, dy=(0.0957650831047524, -1.7894972933032476) eric_25.ply 7
floor: [-1.7260197, 2.2283673, -3.7623446, 3.6818337, -0.05108501, 0.19996369] scene0028_00: accepted after 1 times, dx, dy=(1.4268196417930388, -2.3578232649945896) eric_30.ply 7
failed
failed
failed
floor: [-2.5137181, 3.0462346, -2.6021855, 2.993022, -0.049049906, 0.20362921] scene0030_00: accepted after 14 times, dx, dy=(0.34840104454786613, 0.7514967818389925) eric_30.ply 52
floor: [-2.3341892, 3.0850167, -2.1136117, 3.2166715, -0.049225125, 0.12201911] scene0030_01: accepted after 14 times, dx, dy=(0.4555530055322542, 1.0831257049424263) eric_10.ply 52
floor: [-2.4656675, 3.0482485, -2.623007, 2.9291217, -0.045318536, 0.099246435] scene0030_02: accepted after 14 times, dx, dy=(0.37277801956394485, 0.70515492536882) eric_10.ply 52
floor: [-3.856159, 1.6674839, -3.5551677, 3.7872052, -0.061680865, 0.117934585] scene0031_00: accepted after 0 times, dx, dy=(0.0, 0.0) eric_15.ply 7
floor: [-3.7213798, 1.9197814, -3.7472174, 3.462924, -0.08171108, 0.16130972] scene0031_01: accepted after 2 times, dx, dy=(0.6799826785464108, 0.5951564864975157) eric_25.ply 7
floor: [-2.039433, 3.5367122, -3.177573, 3.9560008, -0.07060284, 0.12020999] scene0031_02: accepted after 1 times, dx, dy=(2.405206328094124, -1.8300274037655329) NO SUIT ERIC! Using default eric_0.ply 7
floor: [-1.4869033, 1.962279, -1.8478023, 1.2727005, -0.033441417, 0.05894525] scene0032_00: accepted after 4 times, dx, dy=(0.10012982676266458, -0.7674635762934486) eric_30.ply 7
floor: [-1.6013067, 1.9206116, -1.7727599, 1.3870028, -0.035208832, 0.082117334] scene0032_01: accepted after 4 times, dx, dy=(0.019130398541503335, -0.6793198390776817) eric_25.ply 7
floor: [-2.356216, 3.1928046, -5.5495405, 5.3560114, -0.19497527, 0.32670224] scene0033_00: accepted after 0 times, dx, dy=(0.0, 0.0) eric_20.ply 7
floor: [-1.643224, 0.9036599, -1.9301249, 1.7012074, -0.09053559, 0.17047064] scene0034_00: accepted after 0 times, dx, dy=(0.0, 0.0) eric_30.ply 39
floor: [-1.7961736, 1.7271658, -2.0529087, 1.5219994, -0.062381823, 0.20168145] scene0034_01: accepted after 18 times, dx, dy=(0.19148192659373142, -0.6360801137386228) eric_5.ply 39
floor: [-1.6852831, 1.982498, -2.12832, 1.6636424, -0.116510995, 0.1657534] scene0034_02: accepted after 4 times, dx, dy=(0.0021413480011690522, -0.8239094776649557) eric_-10.ply 39
floor: [-1.2424383, 2.5216277, -1.4253426, 1.3577522, -0.04791306, 0.079793] scene0035_00: accepted after 0 times, dx, dy=(0.0, 0.0) eric_5.ply 7
floor: [-1.8210362, 1.9763571, -1.4159459, 1.3586333, -0.022977477, 0.04948086] scene0035_01: accepted after 0 times, dx, dy=(0.0, 0.0) NO SUIT ERIC! Using default eric_0.ply 7
floor: [-3.2235959, 2.0199227, -1.8254781, 3.3280573, -0.03284353, 0.09598403] scene0036_00: accepted after 0 times, dx, dy=(0.0, 0.0) eric_25.ply 7
floor: [-1.7537, 2.8498862, -3.4569004, 1.684502, -0.07685009, 0.09051428] scene0036_01: accepted after 0 times, dx, dy=(0.0, 0.0) eric_25.ply 7
floor: [-4.372994, 3.9893887, -3.1111329, 2.7760143, -0.10708153, 0.9295656] scene0037_00: accepted after 1 times, dx, dy=(2.291003497433392, -1.9922252965417833) eric_15.ply 7
floor: [-1.9939858, 4.08525, -5.0511756, 5.224436, -0.08293887, 0.15153876] scene0038_00: accepted after 0 times, dx, dy=(0.0, 0.0) eric_10.ply 7
floor: [-2.0869036, 2.528196, -4.4775677, 4.000467, -0.027192881, 0.061171047] scene0038_01: accepted after 0 times, dx, dy=(0.0, 0.0) eric_15.ply 7
floor: [-2.0424678, 3.7838907, -4.9214916, 5.259964, -0.058815952, 0.11062681] scene0038_02: accepted after 0 times, dx, dy=(0.0, 0.0) eric_10.ply 7
floor: [-1.7622023, 1.6913419, -2.3939836, 1.8969908, -0.040244713, 0.102280736] scene0039_00: accepted after 3 times, dx, dy=(-0.21949917190232793, -1.9259937764116024) eric_10.ply 7
floor: [-1.8188113, 1.6834329, -2.6198199, 1.8209515, -0.030606698, 0.09298998] scene0039_01: accepted after 3 times, dx, dy=(-0.25439610936891766, -2.1368541623518857) eric_10.ply 7
floor: [-2.6653144, 1.9168165, -2.7233536, 2.6473627, -0.08341326, 0.17533806] scene0040_00: accepted after 2 times, dx, dy=(0.08081710839515155, -1.8464218010042313) eric_5.ply 52
floor: [-2.518041, 2.090391, -2.7361603, 2.5814016, -0.20131665, 0.35559538] scene0040_01: accepted after 2 times, dx, dy=(0.24383591009042938, -1.8675214684996724) eric_0.ply 52
floor: [-3.932473, 3.6412697, -2.554283, 2.9807131, -0.080180906, 0.41138002] scene0041_00: accepted after 0 times, dx, dy=(0.0, 0.0) eric_10.ply 39
floor: [2.3301225, 2.3301225, -2.1759062, -2.1759062, 0.37197527, 0.37197527] scene0041_01: accepted after 0 times, dx, dy=(0.0, 0.0) eric_-5.ply 39
floor: [-1.8378246, 1.1832954, -1.9543099, 1.853367, -0.076412655, 0.1816118] scene0042_00: accepted after 0 times, dx, dy=(0.0, 0.0) eric_25.ply 7
floor: [-1.5366423, 1.476354, -2.393976, 1.3558065, -0.027423572, 0.08223521] scene0042_01: accepted after 1 times, dx, dy=(0.8663386769516984, -1.6671353967780638) eric_0.ply 7
floor: [-1.640725, 1.373016, -2.2155256, 1.5737082, -0.037368562, 0.05979301] scene0042_02: accepted after 1 times, dx, dy=(0.7628492542229103, -1.4814483424588836) eric_25.ply 7
floor: [-2.106255, 2.1470294, -2.095356, 4.045664, -0.071682416, 0.3177771] scene0043_00: accepted after 1 times, dx, dy=(1.2846688487568452, -0.9298793070891141) eric_15.ply 7
floor: [-2.4326885, 1.7212338, -3.1861844, 2.2105145, -0.09527927, 0.16239592] scene0043_01: accepted after 1 times, dx, dy=(0.8790890269242063, -2.157242068100594) NO SUIT ERIC! Using default eric_0.ply 7
floor: [-1.3982698, 1.0740074, -1.8753986, 0.19532739, -0.29645663, 0.05869996] scene0044_00: accepted after 89 times, dx, dy=(-0.4123615435670177, -0.764277495342684) eric_5.ply 7
floor: [-0.18992683, 1.2284544, -1.8128852, -0.43864852, 0.83399487, 1.5285274] scene0044_01: accepted after 10 times, dx, dy=(-0.1542155224830538, -1.0527206288836226) NO SUIT ERIC! Using default eric_0.ply 7
failed
floor: [-2.498364, 2.117504, -3.5891268, 2.9693089, -0.120972924, 0.4526819] scene0045_00: accepted after 0 times, dx, dy=(0.0, 0.0) eric_30.ply 7
floor: [-3.2430344, 3.3040526, -3.2932487, 3.385318, -0.090552986, 0.43313605] scene0045_01: accepted after 1 times, dx, dy=(1.9750016449622612, -2.0291671315089252) eric_10.ply 7
floor: [-1.3482789, 0.9732315, -2.4264524, 3.0038338, -0.06752432, 0.22061162] scene0046_00: accepted after 93 times, dx, dy=(-0.8146976470368094, -1.4373970357710808) eric_15.ply 39
floor: [-1.2823728, 1.0558277, -2.596192, 2.7143102, -0.072329395, 0.18366194] scene0046_01: accepted after 93 times, dx, dy=(-0.7449770412519405, -1.628093383682945) eric_30.ply 39
floor: [-1.3517473, 1.0239189, -2.510195, 2.7932904, -0.066597305, 0.036979027] scene0046_02: accepted after 67 times, dx, dy=(-0.7087135148884635, -1.1764788754334319) eric_20.ply 39
floor: [-1.7376782, 1.6077789, -3.2750397, 2.7856424, -0.073355936, 0.21083258] scene0047_00: accepted after 2 times, dx, dy=(0.8737446045521405, 0.38127951322890113) eric_0.ply 39
floor: [-1.3537661, 4.215503, -2.3895226, 2.3960676, -0.084542096, 0.30154133] scene0048_00: accepted after 1 times, dx, dy=(3.085396223785745, -1.472678824937961) eric_5.ply 7
floor: [-3.1504445, 1.9205151, -2.6076283, 2.5566926, -0.09428606, 0.29188326] scene0048_01: accepted after 0 times, dx, dy=(0.0, 0.0) eric_25.ply 7
floor: [-1.8433254, 1.5439485, -1.5842073, 2.1156402, -0.06219905, 0.119914286] scene0049_00: accepted after 6 times, dx, dy=(0.6052821400834273, 1.9272945599623872) NO SUIT ERIC! Using default eric_0.ply 29
floor: [-1.9292945, 1.8084402, -2.482151, 1.3304552, -0.06379921, 0.17051879] scene0050_00: accepted after 13 times, dx, dy=(0.385068436616096, -0.9849740208122274) eric_15.ply 29
floor: [-2.0701208, 1.6407368, -2.0682828, 1.7772949, -0.12605754, 0.13753189] scene0050_01: accepted after 19 times, dx, dy=(-1.210306696984281, -1.10240068129854) eric_10.ply 29
floor: [-1.9581432, 1.7917802, -2.144494, 1.6136109, -0.0873317, 0.12846085] scene0050_02: accepted after 13 times, dx, dy=(0.36375697420305586, -0.6681618110524458) eric_5.ply 29
floor: [-2.5731292, 2.3461175, -2.283762, 3.6419468, -0.1197177, 0.149835] scene0051_00: accepted after 4 times, dx, dy=(-0.3109705929432832, -0.26730193424745935) eric_-5.ply 39
floor: [-3.5929613, 2.423097, -3.3419166, 2.4909203, -0.1575711, 0.23672715] scene0051_01: accepted after 1 times, dx, dy=(1.2020874717259273, -2.2329713124846413) eric_20.ply 39
floor: [-3.6973927, 2.2798028, -2.69513, 2.1733444, -0.17376986, 0.18681684] scene0051_02: accepted after 3 times, dx, dy=(-1.029563071106903, -2.1694047831379804) NO SUIT ERIC! Using default eric_0.ply 39
floor: [-3.678318, 2.2745318, -2.7616394, 2.1311648, -0.13640459, 0.17679524] scene0051_03: accepted after 3 times, dx, dy=(-1.0213425810625218, -2.23348167402153) eric_5.ply 39
floor: [-2.0273, 2.6497178, -3.6600335, 2.1529937, -0.0707574, 0.21080235] scene0052_00: accepted after 0 times, dx, dy=(0.0, 0.0) eric_20.ply 7
floor: [-2.2545037, 1.9733444, -2.304959, 3.1402056, -0.060237378, 0.11499293] scene0052_01: accepted after 0 times, dx, dy=(0.0, 0.0) eric_20.ply 7
floor: [-2.4582584, 1.8295497, -2.329548, 2.8659787, -0.06511273, 0.10363198] scene0052_02: accepted after 0 times, dx, dy=(0.0, 0.0) eric_0.ply 7
floor: [-1.2055274, 2.4762864, -2.9209373, 1.8207413, -0.053342108, 0.41527697] scene0053_00: accepted after 1 times, dx, dy=(1.7301954703009672, -2.0121484610749625) eric_5.ply 7
floor: [-1.9336427, 1.9505881, -5.1531734, 4.300758, -0.30607212, 0.24460149] scene0054_00: accepted after 2 times, dx, dy=(0.39468500918775307, -3.6391838590620167) eric_0.ply 52
floor: [-1.7056191, 1.4528501, -1.7399646, 1.7016144, -0.066438556, 0.15100901] scene0055_00: accepted after 15 times, dx, dy=(-0.22836287466667315, 1.2585881246495665) eric_15.ply 7
floor: [-1.6811275, 1.439805, -1.7749999, 1.638296, -0.041576512, 0.12984858] scene0055_01: accepted after 15 times, dx, dy=(-0.221392027992937, 1.1992310750484132) NO SUIT ERIC! Using default eric_0.ply 7
failed
floor: [-2.7519226, 2.5077322, -3.285912, 3.22, -0.12141436, 0.30709723] scene0056_00: accepted after 7 times, dx, dy=(2.1875408401706666, -3.241845455000165) eric_10.ply 39
floor: [-2.4798887, 2.4231894, -2.2731314, 2.905446, -0.06575148, 0.17993586] scene0056_01: accepted after 0 times, dx, dy=(0.0, 0.0) eric_20.ply 7
failed
floor: [-1.9899888, 1.1099651, -3.612568, 2.806074, -0.09153597, 0.14945753] scene0057_01: accepted after 0 times, dx, dy=(0.0, 0.0) NO SUIT ERIC! Using default eric_0.ply 7
floor: [-1.8649846, 1.7795533, -2.026016, 2.9140067, -0.054089025, 0.18661296] scene0058_00: accepted after 5 times, dx, dy=(-1.3413010952949134, 1.228387683965545) eric_15.ply 39
floor: [-2.058649, 1.6204829, -2.2578464, 2.8345242, -0.06084247, 0.115450904] scene0058_01: accepted after 6 times, dx, dy=(0.6006797128583753, 2.560611782129278) eric_30.ply 29
floor: [-2.202607, 2.2388282, -3.086486, 3.1376867, -0.052790824, 0.2417591] scene0059_00: accepted after 7 times, dx, dy=(1.9689138035577676, -3.0426389281471584) eric_5.ply 39
floor: [-2.2563038, 2.2667274, -3.112962, 2.4286222, -0.07682771, 0.1790223] scene0059_01: accepted after 2 times, dx, dy=(1.2732629604489083, 0.23353328703977977) eric_25.ply 39
floor: [-2.258414, 1.9276272, -2.72597, 2.528967, -0.08679714, 0.2094311] scene0059_02: accepted after 2 times, dx, dy=(1.0084047412917982, 0.44944005123795555) eric_20.ply 7
floor: [-1.5334382, 1.4575418, -3.4732, 3.7236285, -0.17148173, 0.661269] scene0060_00: accepted after 0 times, dx, dy=(0.0, 0.0) eric_-5.ply 7
floor: [-2.9601116, 1.6785946, -3.6887417, 4.34806, -0.08986916, 0.20219804] scene0060_01: accepted after 0 times, dx, dy=(0.0, 0.0) eric_10.ply 7
floor: [-3.016158, 2.1864643, -2.6104472, 3.9724393, -0.087566964, 0.31458393] scene0061_00: accepted after 2 times, dx, dy=(1.0432797697859293, 1.357549795818733) eric_5.ply 7
floor: [-2.1941087, 2.8527265, -3.4822497, 2.5272496, -0.12103869, 0.21800411] scene0061_01: accepted after 3 times, dx, dy=(0.058935592435527595, -2.8424505251797365) eric_20.ply 7
floor: [-1.1049316, 0.87919754, -1.1025857, 1.0652099, -0.023665622, 0.021937577] scene0062_00: accepted after 0 times, dx, dy=(0.0, 0.0) eric_30.ply 7
floor: [-1.1261631, 0.89533716, -1.4813234, 1.0334146, -0.030235803, 0.06798805] scene0062_01: accepted after 0 times, dx, dy=(0.0, 0.0) NO SUIT ERIC! Using default eric_0.ply 7
floor: [-1.1099215, 0.9017633, -1.3801804, 1.142495, -0.03293918, 0.03663433] scene0062_02: accepted after 0 times, dx, dy=(0.0, 0.0) eric_25.ply 7
floor: [-2.966438, 2.471511, -2.356801, 2.11484, -0.04393347, 0.45481086] scene0063_00: accepted after 1 times, dx, dy=(1.368122227673239, -1.4975464941451013) eric_10.ply 7
floor: [-2.7417903, 0.8647309, -5.4214387, 3.603997, -0.15831707, 0.5156836] scene0064_00: accepted after 3 times, dx, dy=(-1.1308850512093702, -4.48012154489633) eric_0.ply 39
floor: [-2.6749353, 1.1768565, -5.971814, 3.2203484, -0.13342151, 0.5577312] scene0064_01: accepted after 2 times, dx, dy=(-0.366027465325626, -4.498665457460075) eric_0.ply 52
floor: [-1.6923486, 1.2160453, -1.020102, 2.5465107, -0.04319366, 0.11267882] scene0065_00: accepted after 0 times, dx, dy=(0.0, 0.0) NO SUIT ERIC! Using default eric_0.ply 7
floor: [-1.2024398, 1.9648964, -2.6998508, 0.7754348, -0.053141598, 0.059075203] scene0065_01: accepted after 1 times, dx, dy=(1.3234796724544053, -2.0233625267161583) eric_20.ply 7
floor: [-1.3362312, 1.7321702, -2.5252812, 0.98642814, -0.05088436, 0.028071122] scene0065_02: accepted after 0 times, dx, dy=(0.0, 0.0) eric_20.ply 7
floor: [-3.0439665, 3.1578252, -2.1837265, 3.8685684, -0.07875836, 0.29712033] scene0066_00: accepted after 7 times, dx, dy=(-3.0361367881751935, 3.860430243326016) eric_0.ply 29
floor: [-0.9097521, 1.388327, -1.005897, 0.649813, -0.05415023, 0.055631958] scene0067_00: accepted after 0 times, dx, dy=(0.0, 0.0) eric_30.ply 7
floor: [-1.3882786, 0.88778013, -0.6726711, 1.098809, -0.029555626, 0.27999097] scene0067_01: accepted after 0 times, dx, dy=(0.0, 0.0) eric_25.ply 7
floor: [-0.8371271, 1.4421079, -1.2404276, 0.86974317, -0.0674206, 0.13318343] scene0067_02: accepted after 0 times, dx, dy=(0.0, 0.0) NO SUIT ERIC! Using default eric_0.ply 7
floor: [-1.5305713, 0.37981495, -0.94901997, 1.189295, -0.08578559, -0.023873696] scene0068_00: accepted after 4 times, dx, dy=(-0.6502285390235246, -0.1964458522336902) eric_10.ply 39
floor: [-1.494593, 0.36344242, -1.4499087, 1.1371145, -0.06789894, 0.08398506] scene0068_01: accepted after 5 times, dx, dy=(-1.2261414126100418, 0.27295488465105083) NO SUIT ERIC! Using default eric_0.ply 39
floor: [-1.7009927, -0.3747732, 1.5923983, 3.107168, 3.31957, 3.4695492] scene0069_00: accepted after 3 times, dx, dy=(-1.1067205866872563, 1.782837256442361) NO SUIT ERIC! Using default eric_0.ply 7
floor: [-1.1139535, 1.5101142, -2.4999063, 1.704918, -0.05227298, 0.13576846] scene0070_00: accepted after 3 times, dx, dy=(0.058941892344121505, -2.0405293313169395) eric_-15.ply 7
floor: [-1.4826695, 1.4052976, -2.120143, 1.9403477, -0.16548242, 0.22264005] scene0071_00: accepted after 0 times, dx, dy=(0.0, 0.0) eric_10.ply 7
failed
floor: [-0.75608563, 0.9227402, -2.2196999, 1.6441934, -0.077115424, 0.044736065] scene0072_01: accepted after 22 times, dx, dy=(-0.0965629752658318, -1.4765590663739563) NO SUIT ERIC! Using default eric_0.ply 29
failed
floor: [-1.4620208, 1.1705834, -2.0526147, 1.3404719, -0.052958623, 0.10761119] scene0073_00: accepted after 0 times, dx, dy=(0.0, 0.0) eric_0.ply 7
floor: [-1.5492651, 1.4545768, -1.8912746, 1.350302, -0.046167653, 0.25020087] scene0073_01: accepted after 4 times, dx, dy=(-0.16675409261008467, -0.7705325224383591) eric_30.ply 7
floor: [-1.3701421, 1.259044, -1.8813306, 1.4906725, -0.07323652, 0.17012455] scene0073_02: accepted after 0 times, dx, dy=(0.0, 0.0) eric_20.ply 7
floor: [-1.3526269, 1.2786103, -1.8357359, 1.554067, -0.05520114, 0.11203987] scene0073_03: accepted after 0 times, dx, dy=(0.0, 0.0) NO SUIT ERIC! Using default eric_0.ply 7
failed
floor: [-0.640422, 0.72254944, -0.29990634, 1.190508, -0.18221018, -0.09861919] scene0074_01: accepted after 338 times, dx, dy=(0.3125165709910991, 1.225417647356143) NO SUIT ERIC! Using default eric_0.ply 7
failed
floor: [-1.959232, 2.4792027, -1.1665052, 0.72321534, -0.04714975, 0.15554175] scene0075_00: accepted after 4 times, dx, dy=(0.08211419979978218, -0.49688919432733464) NO SUIT ERIC! Using default eric_0.ply 7
floor: [-2.763432, 2.0478785, -2.6740022, 3.3231266, -0.08699128, 0.20171236] scene0076_00: accepted after 2 times, dx, dy=(0.9909036795150067, 0.9443849139097179) eric_25.ply 7
floor: [-1.0996343, 1.9015892, -2.659179, 1.4448731, -0.09281348, 0.14576183] scene0077_00: accepted after 4 times, dx, dy=(0.28167430663528015, -1.2506214569892087) eric_15.ply 7
floor: [-2.7661464, 1.2948986, -1.259568, 2.5051663, -0.08950564, 0.21207856] scene0077_01: accepted after 0 times, dx, dy=(0.0, 0.0) eric_10.ply 7
floor: [-2.1457684, 1.5041088, -1.5361153, 2.5072243, -0.049829498, 0.16595541] scene0078_00: accepted after 3 times, dx, dy=(-0.5155336616961351, -1.092882739673174) NO SUIT ERIC! Using default eric_0.ply 7
floor: [-1.9324504, 1.396444, -1.4059175, 1.9095309, -0.02447296, 0.09920708] scene0078_01: accepted after 0 times, dx, dy=(0.0, 0.0) NO SUIT ERIC! Using default eric_0.ply 7
floor: [-1.9751414, 1.562823, -1.6740516, 2.5320098, -0.022739585, 0.09175008] scene0078_02: accepted after 3 times, dx, dy=(-0.39480102306490206, -1.2145510117046123) NO SUIT ERIC! Using default eric_0.ply 7
floor: [-2.4253135, 2.5724936, -5.3274584, 6.1131296, -0.07600106, 0.36843687] scene0079_00: accepted after 0 times, dx, dy=(0.0, 0.0) eric_5.ply 7
floor: [-1.3816674, 0.46217605, -5.14508, 5.7383657, -0.04370058, 0.14503099] scene0079_01: accepted after 3 times, dx, dy=(-0.5566215699246773, -4.018008517928174) eric_15.ply 7
floor: [-0.94015646, 0.9903672, -1.3429635, 0.49465227, -0.05338382, 0.107220314] scene0080_00: accepted after 1 times, dx, dy=(0.6005886017879577, -0.9668808021177137) eric_0.ply 7
floor: [-1.023782, 0.9293871, -1.4672234, 0.40513337, -0.043938007, 0.058977786] scene0080_01: accepted after 1 times, dx, dy=(0.5350011398343079, -1.0847680347341495) eric_25.ply 7
floor: [-0.96013415, 0.9804035, -0.5260522, 1.3305829, -0.037682913, 0.038562004] scene0080_02: accepted after 2 times, dx, dy=(0.5558856248557865, 0.6210807719648873) NO SUIT ERIC! Using default eric_0.ply 7
floor: [-2.605397, 0.82010627, -1.9996132, 2.8710508, -0.0866134, 0.21819949] scene0081_00: accepted after 5 times, dx, dy=(-2.1130062363364903, 1.2096459652762104) eric_20.ply 7
floor: [-2.6188416, 3.1216683, -5.1026955, 4.726306, -0.12636922, 0.99736] scene0081_01: accepted after 7 times, dx, dy=(2.7719295512139848, -5.056040974525498) eric_0.ply 39
floor: [-3.4156222, 2.1931384, -5.192453, 4.57767, -0.09270844, 0.35590845] scene0081_02: accepted after 3 times, dx, dy=(-2.851886842147991, -0.6665349621725168) eric_25.ply 29
floor: [-2.382292, 2.2224872, -3.680297, 3.9334843, -0.16250782, 0.8523181] scene0082_00: accepted after 2 times, dx, dy=(1.2110129021339948, 0.902989479814526) eric_15.ply 7
floor: [0.17192179, 1.7181275, -1.5500897, -0.20317087, -0.17879443, -0.06672997] scene0083_00: accepted after 105 times, dx, dy=(0.613922035899871, -1.0997893860579893) NO SUIT ERIC! Using default eric_0.ply 7
floor: [0.190441, 1.7439332, -1.5609862, -0.30674407, -0.12887958, -0.046157215] scene0083_01: accepted after 67 times, dx, dy=(0.6119709535104231, -1.215793662682294) NO SUIT ERIC! Using default eric_0.ply 7
floor: [-2.556475, 2.3315067, -0.9184749, 1.6621693, -0.027445007, 0.11571875] scene0084_00: accepted after 2 times, dx, dy=(1.2576401945286344, 0.660782944372588) eric_5.ply 39
floor: [-2.5781684, 2.3345404, -0.7309217, 1.9370307, -0.021658646, 0.07941278] scene0084_01: accepted after 2 times, dx, dy=(1.2552264144121454, 0.9004460654266483) eric_10.ply 39
floor: [-2.1810472, 2.584439, -0.7808164, 1.8984042, -0.025664663, 0.09733352] scene0084_02: accepted after 2 times, dx, dy=(1.5375595323968136, 0.8572769076867764) eric_15.ply 39
floor: [-1.692764, 2.1596434, -2.7160623, 2.6465452, -0.116723016, 0.458315] scene0085_00: accepted after 2 times, dx, dy=(1.313923378585685, 0.5236108135453489) eric_5.ply 39
floor: [-2.1115806, 1.7043244, -2.3931997, 3.0164313, -0.15908936, 0.09220514] scene0085_01: accepted after 9 times, dx, dy=(-2.081616260190553, -2.229440477975128) eric_5.ply 29
floor: [-0.9660078, 1.7193335, -2.8094888, 2.587821, -0.037955534, 0.18107708] scene0086_00: accepted after 2 times, dx, dy=(1.1307286609244915, 0.4508964214053009) eric_15.ply 7
floor: [-0.95732737, 1.7185376, -2.8817997, 2.4942784, -0.03695149, 0.072354026] scene0086_01: accepted after 2 times, dx, dy=(1.1320204418283453, 0.3659133824397299) eric_10.ply 7
floor: [-0.9988222, 1.716172, -2.8606455, 2.4980826, -0.043507725, 0.12111213] scene0086_02: accepted after 8 times, dx, dy=(0.6806365001636095, 0.45603763484106735) eric_10.ply 29
floor: [-2.1034734, 2.725692, -2.808801, 1.7599262, -0.0415112, 0.12013281] scene0087_00: accepted after 3 times, dx, dy=(0.05252670551692329, -2.3130428368803173) eric_20.ply 7
floor: [-2.2306747, 2.5453937, -2.8081791, 2.027391, -0.056633193, 0.17421235] scene0087_01: accepted after 4 times, dx, dy=(-0.034270490993125624, -1.1555076794034977) eric_25.ply 7
floor: [-2.3432586, 2.40235, -2.7866063, 2.0905242, -0.0368559, 0.121035784] scene0087_02: accepted after 0 times, dx, dy=(0.0, 0.0) eric_10.ply 7
floor: [-2.8668454, 2.8573687, -2.5820582, 3.1547716, -0.049555916, 0.2928969] scene0088_00: accepted after 7 times, dx, dy=(-2.8593875469491716, 3.14909060796684) eric_5.ply 29
floor: [-1.4927909, 2.7304125, -3.433043, 2.4013731, -0.06661901, 0.23145981] scene0088_01: accepted after 1 times, dx, dy=(1.8741723192811128, -2.323808058689) eric_10.ply 7
floor: [-3.2893226, 2.371908, -2.614436, 3.273597, -0.05289244, 0.27753642] scene0088_02: accepted after 5 times, dx, dy=(-2.4775206184519085, 1.2570168403719568) eric_10.ply 39
floor: [-2.786448, 2.2616582, -2.7351158, 3.0518317, -0.07660345, 0.20936093] scene0088_03: accepted after 6 times, dx, dy=(-2.498676360387356, 1.4820530434120125) eric_10.ply 7
floor: [-1.6746889, 1.4239721, -1.7867231, 1.9187531, -0.026728911, 0.21440987] scene0089_00: accepted after 16 times, dx, dy=(0.43635346573824874, -0.07840884275676523) NO SUIT ERIC! Using default eric_0.ply 7
floor: [-1.6476994, 1.5267104, -1.5591775, 2.1977077, -0.035792653, 0.18083987] scene0089_01: accepted after 16 times, dx, dy=(0.5148756065546699, 0.17229638764777394) NO SUIT ERIC! Using default eric_0.ply 7
floor: [-1.6870548, 1.4305065, -1.6827035, 2.0732086, -0.023477204, 0.12496088] scene0089_02: accepted after 16 times, dx, dy=(0.4368457285341759, 0.04833208094819093) eric_10.ply 7
floor: [-1.9432501, 3.4150822, -0.9334651, 1.8354152, -0.08584411, 0.19436821] scene0090_00: accepted after 2 times, dx, dy=(2.23759329930886, 0.7581415613688548) eric_5.ply 7
floor: [-1.4379424, 1.6741035, -1.5053692, 2.5189035, -0.0700662, 0.22810961] scene0091_00: accepted after 0 times, dx, dy=(0.0, 0.0) eric_-5.ply 7
floor: [-1.8318397, 1.9171231, -3.4218588, 1.998669, -0.1084607, 0.3118294] scene0092_00: accepted after 1 times, dx, dy=(1.1573704087392072, -2.388545384811075) eric_-10.ply 39
floor: [-1.8111215, 1.9752387, -3.3553338, 2.0656815, -0.11405431, 0.19177985] scene0092_01: accepted after 1 times, dx, dy=(1.2078772501000024, -2.321931009527241) NO SUIT ERIC! Using default eric_0.ply 39
floor: [-1.8807132, 1.9039311, -3.2927344, 2.0970984, -0.12958126, 0.23398738] scene0092_02: accepted after 1 times, dx, dy=(1.1369187025373, -2.265051593101201) eric_10.ply 39
floor: [-1.6536068, 2.1488907, -4.6847887, 3.1852667, -0.13781112, 0.3780781] scene0092_03: accepted after 13 times, dx, dy=(1.3350227690562577, -3.07434501660507) NO SUIT ERIC! Using default eric_0.ply 52
floor: [-1.7898337, 2.0572333, -4.513674, 3.3450723, -0.14142807, 0.3549674] scene0092_04: accepted after 0 times, dx, dy=(0.0, 0.0) eric_10.ply 52
floor: [-1.5966464, 1.928164, -2.5929542, 1.7746052, -0.037275784, 0.21924347] scene0093_00: accepted after 1 times, dx, dy=(1.2140165076632563, -1.752791811965668) eric_10.ply 7
floor: [-1.6714993, 1.7934706, -2.4059055, 1.5660223, -0.033996318, 0.10805143] scene0093_01: accepted after 1 times, dx, dy=(1.0914982000420008, -1.6383157726284887) eric_5.ply 7
floor: [-1.856973, 1.6868951, -2.4715421, 1.2937799, -0.030633735, 0.09485391] scene0093_02: accepted after 1 times, dx, dy=(0.968870201413563, -1.7418510756370338) eric_20.ply 7
floor: [-1.3958253, 2.6959434, -2.6474164, 1.4281099, -0.046804067, 0.12461373] scene0094_00: accepted after 3 times, dx, dy=(0.4314192552731465, -2.2009659607188037) eric_20.ply 7
floor: [-1.7939899, 2.0186157, -3.5045686, 4.418143, -0.06908155, 0.34387007] scene0095_00: accepted after 15 times, dx, dy=(-0.01140706703538552, 3.347491063202306) eric_15.ply 39
floor: [-1.9682945, 1.6653761, -3.6855106, 3.5643919, -0.07405303, 0.25821277] scene0095_01: accepted after 17 times, dx, dy=(-1.9170940023461722, 3.184360440870449) eric_0.ply 39
failed
floor: [-1.624212, 2.1993964, -1.7303435, 1.6860182, -0.10760254, 0.043504994] scene0096_01: accepted after 1 times, dx, dy=(1.4244564276792082, -1.0646638505369126) eric_5.ply 39
floor: [-1.9965554, 1.8768283, -1.7535414, 1.6924739, -0.07200932, 0.12307377] scene0096_02: accepted after 2 times, dx, dy=(1.0264870110489013, 0.34221346032644046) eric_20.ply 39
floor: [-1.3083897, 1.4112415, -2.5724666, 1.0835761, -0.05036708, 0.11884089] scene0097_00: accepted after 0 times, dx, dy=(0.0, 0.0) NO SUIT ERIC! Using default eric_0.ply 7
failed
floor: [-1.305077, 1.600028, -2.796419, 2.5536542, -0.09272942, 0.14179601] scene0098_01: accepted after 0 times, dx, dy=(0.0, 0.0) NO SUIT ERIC! Using default eric_0.ply 39
floor: [-1.7090108, 1.7128842, -2.4506896, 1.2685884, -0.13202856, 0.08559363] scene0099_00: accepted after 2 times, dx, dy=(0.9620099170930175, -0.19183797678213982) NO SUIT ERIC! Using default eric_0.ply 7
floor: [-1.4890201, 1.8165174, -2.552621, 1.5532048, -0.15189059, 0.14670128] scene0099_01: accepted after 2 times, dx, dy=(1.0912777011920909, -0.0630583348252564) eric_25.ply 7
floor: [-1.3516598, 1.1126504, -1.1414374, 0.5295126, -0.053429443, 0.07396603] scene0100_00: accepted after 66 times, dx, dy=(-0.15388834601770396, 0.054588533473620096) eric_15.ply 7
floor: [-1.2879064, 1.1961503, -1.0269593, 0.6230025, -0.054418065, 0.07776287] scene0100_01: accepted after 2959 times, dx, dy=(0.8393728060494622, -0.396025986705745) NO SUIT ERIC! Using default eric_0.ply 7
failed
floor: [-2.361485, 2.1760685, -3.8002026, 2.9021006, -0.12634632, 0.2003019] scene0101_00: accepted after 14 times, dx, dy=(-0.025118580876530072, 0.20933929417300973) eric_0.ply 52
floor: [-2.414774, 2.1226838, -3.5539346, 2.9866784, -0.12241944, 0.18917985] scene0101_01: accepted after 14 times, dx, dy=(-0.07845704912134954, 0.3598199597011676) eric_30.ply 52
floor: [-2.3909798, 2.1969085, -3.5405974, 3.0621872, -0.1540297, 0.3127789] scene0101_02: accepted after 14 times, dx, dy=(-0.028729633826195866, 0.40998837321241527) eric_20.ply 52
floor: [-2.138206, 2.4411204, -3.9923885, 2.6221979, -0.11497023, 0.16828212] scene0101_03: accepted after 0 times, dx, dy=(0.0, 0.0) eric_30.ply 39
floor: [-2.2689464, 2.2576566, -3.0704763, 2.2951524, -0.18566197, 0.19897592] scene0101_04: accepted after 0 times, dx, dy=(0.0, 0.0) eric_-5.ply 39
floor: [-2.236339, 2.186378, -3.0601537, 2.4523275, -0.10234178, 0.2112133] scene0101_05: accepted after 0 times, dx, dy=(0.0, 0.0) eric_10.ply 39
floor: [-2.0414517, 1.7344946, -3.9909933, 1.9225187, -0.12582411, 0.23356058] scene0102_00: accepted after 3 times, dx, dy=(-0.35501123022910297, -3.360790373962354) eric_20.ply 39
floor: [-1.8526113, 1.9426095, -1.5015683, 4.3998623, -0.10156587, 0.18551204] scene0102_01: accepted after 6 times, dx, dy=(0.8905334922224805, 4.076235365706729) eric_0.ply 29
floor: [-1.252806, 2.4342506, -1.7050326, 1.4079362, -0.04153696, 0.16415681] scene0103_00: accepted after 1 times, dx, dy=(1.6870930819860184, -1.0950057870465384) eric_10.ply 7
floor: [-2.2381716, 1.4303765, -1.5408722, 1.604996, -0.03806871, 0.153003] scene0103_01: accepted after 5 times, dx, dy=(-1.7110577829919311, 0.5457371985663108) eric_10.ply 7
floor: [-1.492835, 1.3108433, -2.00756, 1.5348306, -0.050838277, 0.1332669] scene0104_00: accepted after 0 times, dx, dy=(0.0, 0.0) eric_5.ply 39
floor: [-1.0750816, -0.28856555, -0.44622207, 1.2915852, -0.048885796, 0.03520649] scene0105_00: accepted after 5 times, dx, dy=(-0.9597145386201223, 0.7238966558859611) NO SUIT ERIC! Using default eric_0.ply 7
floor: [-1.0471947, 0.035515904, -0.4882051, 1.3463337, -0.03868144, 0.030619994] scene0105_01: accepted after 5 times, dx, dy=(-0.8895112977703974, 0.7448750643602916) NO SUIT ERIC! Using default eric_0.ply 7
floor: [-1.0015652, 0.049904406, -0.4248059, 1.2425054, -0.082773596, 0.035314813] scene0105_02: accepted after 5 times, dx, dy=(-0.8483451071587947, 0.699427803600999) NO SUIT ERIC! Using default eric_0.ply 7
floor: [-2.5455003, 2.2722356, -4.938913, 3.8120773, -0.33193788, 0.38032874] scene0106_00: accepted after 1 times, dx, dy=(1.295033283602737, -3.2946768725151743) eric_15.ply 39
floor: [-2.4557514, 2.242241, -3.75581, 5.1675677, -0.06436909, 0.82812303] scene0106_01: accepted after 6 times, dx, dy=(-2.1877302537665755, 2.7258579314204376) eric_0.ply 39
floor: [-2.4687169, 2.257436, -2.4231384, 3.934551, -0.041008543, 0.20256774] scene0106_02: accepted after 7 times, dx, dy=(1.9700267447728903, -2.3791872287332327) eric_10.ply 7
floor: [-1.7410946, 2.0839212, -2.6118042, 3.578669, -0.09625894, 0.18208057] scene0107_00: accepted after 3 times, dx, dy=(-0.032777272851894135, -1.9539121742159504) eric_5.ply 7
floor: [-1.579371, 1.7575672, -2.773298, 2.7442405, -0.1381589, 0.119424835] scene0108_00: accepted after 0 times, dx, dy=(0.0, 0.0) eric_20.ply 29
floor: [-0.7943871, 1.1551652, -2.3546133, 2.8799012, -0.058770437, 0.14740147] scene0109_00: accepted after 0 times, dx, dy=(0.0, 0.0) eric_30.ply 7
floor: [-1.0597708, 0.85943556, -2.5442698, 2.7995977, -0.14754166, 0.17177896] scene0109_01: accepted after 0 times, dx, dy=(0.0, 0.0) eric_5.ply 7
floor: [-2.511915, 2.7331743, -1.7261249, 2.4107118, -0.044100404, 0.16750857] scene0110_00: accepted after 0 times, dx, dy=(0.0, 0.0) eric_15.ply 7
floor: [-2.2849193, 2.966492, -1.6683699, 2.6705575, -0.047520027, 0.11930369] scene0110_01: accepted after 0 times, dx, dy=(0.0, 0.0) eric_25.ply 29
floor: [-1.7443827, 1.8984601, -2.9207892, 2.3996446, -0.034996886, 0.14930134] scene0110_02: accepted after 0 times, dx, dy=(0.0, 0.0) eric_25.ply 29
floor: [-1.86561, 2.2466052, -2.2462096, 1.576689, -0.08332208, 0.15432246] scene0111_00: accepted after 1 times, dx, dy=(1.4129460487858947, -1.5059570152294095) eric_0.ply 39
floor: [-1.8184717, 2.1521451, -1.3289047, 2.788817, -0.07326811, 0.12564665] scene0111_01: accepted after 6 times, dx, dy=(-1.5914829057654685, 1.6830851611732947) NO SUIT ERIC! Using default eric_0.ply 39
floor: [-0.58097076, 0.14058045, 2.7219496, 3.5424972, 0.004157145, 0.13135701] scene0111_02: accepted after 1 times, dx, dy=(-0.00322423216134482, 2.9114665503759207) eric_0.ply 39
floor: [-0.91070074, 0.8225007, -1.5667447, 1.7791188, -0.044651277, 0.062573105] scene0112_00: accepted after 0 times, dx, dy=(0.0, 0.0) eric_20.ply 7
floor: [-0.91012776, 0.82091445, -1.468508, 1.8398548, -0.057671834, 0.059887405] scene0112_01: accepted after 0 times, dx, dy=(0.0, 0.0) NO SUIT ERIC! Using default eric_0.ply 7
floor: [-0.8211843, 0.8884766, -1.4758205, 1.8787658, -0.04778915, 0.05876762] scene0112_02: accepted after 0 times, dx, dy=(0.0, 0.0) NO SUIT ERIC! Using default eric_0.ply 7
floor: [-2.36286, 3.3138604, -2.0375319, 2.7417998, -0.063140705, 0.20794295] scene0113_00: accepted after 1 times, dx, dy=(2.1618920332192335, -1.121836149546284) NO SUIT ERIC! Using default eric_0.ply 7
floor: [-3.0464673, 2.319265, -2.2764044, 1.6984243, -0.041165184, 0.23502678] scene0113_01: accepted after 1 times, dx, dy=(1.2305690434691456, -1.5082825097741293) eric_30.ply 7
floor: [-1.1093024, 1.7496723, -2.513404, 2.470889, -0.060034033, 0.24196589] scene0114_00: accepted after 15 times, dx, dy=(0.22816089891430524, 1.8117910434444167) eric_0.ply 7
floor: [-1.3579, 1.8857387, -2.0781953, 2.8862545, -0.04672128, 0.14234896] scene0114_01: accepted after 3 times, dx, dy=(0.09122037144942452, -1.542874874394471) eric_20.ply 7
floor: [-1.8374612, 1.4073501, -2.5136874, 2.4255786, -0.058158226, 0.20417103] scene0114_02: accepted after 3 times, dx, dy=(-0.3878180803465031, -1.9808846491766576) eric_0.ply 7
floor: [-2.515802, 2.3611853, -3.406304, 3.7115467, -0.050022, 0.13092521] scene0115_00: accepted after 4 times, dx, dy=(-0.2730508207005383, -0.9920159434724033) NO SUIT ERIC! Using default eric_0.ply 7
floor: [-2.8526018, 1.9741706, -2.8843946, 4.622801, -0.06341623, 0.17011291] scene0115_01: accepted after 4 times, dx, dy=(-0.632911976002602, -0.34017887094128046) eric_5.ply 7
floor: [-2.2375925, 2.747378, -3.3219929, 2.627234, -0.06459168, 0.11553506] scene0115_02: accepted after 0 times, dx, dy=(0.0, 0.0) eric_0.ply 7
floor: [-1.2800257, 0.9927084, -2.405774, 1.4201903, -0.03296688, 0.21352236] scene0116_00: accepted after 1 times, dx, dy=(0.5333047396847416, -1.6649591314415655) eric_20.ply 7
floor: [-1.4226998, 0.47206852, -2.0414782, 1.5914001, -0.06962252, 0.20241031] scene0116_01: accepted after 3 times, dx, dy=(-1.2302705020610265, -0.334082821501461) NO SUIT ERIC! Using default eric_0.ply 29
floor: [-0.76615894, 1.4600543, -1.6441957, 2.2207754, -0.08794847, 0.1307193] scene0116_02: accepted after 7 times, dx, dy=(-0.7614252395998538, 2.229673386311022) eric_15.ply 29
floor: [-0.8726153, 1.4444624, -1.8430452, 2.44776, -0.074550785, 0.18221371] scene0117_00: accepted after 15 times, dx, dy=(0.21191058382785422, 1.8857916544651914) eric_5.ply 39
floor: [-1.4513366, 1.7223407, -3.973033, 3.6807935, -0.031765305, 0.116620034] scene0118_00: accepted after 0 times, dx, dy=(0.0, 0.0) eric_10.ply 7
floor: [-1.4735411, 1.7268474, -3.4452014, 3.6481845, -0.06971134, 0.10007039] scene0118_01: accepted after 0 times, dx, dy=(0.0, 0.0) eric_30.ply 7
floor: [-1.5655496, 1.6355945, -3.8844821, 3.7435708, -0.055791587, 0.109252475] scene0118_02: accepted after 0 times, dx, dy=(0.0, 0.0) eric_30.ply 7
floor: [-1.5574225, 0.92008716, -2.0039108, 0.24562263, -0.06987941, 0.14817302] scene0119_00: accepted after 10 times, dx, dy=(-1.4972851361308828, -0.7844126464400815) eric_15.ply 7
floor: [-1.1289761, 0.72225755, -3.0809789, 2.6312466, -0.055679504, 0.13422874] scene0120_00: accepted after 4 times, dx, dy=(-0.27579907160587913, -1.1357600532427532) NO SUIT ERIC! Using default eric_0.ply 7
floor: [-1.0280719, 0.78219444, -2.600672, 2.789059, -0.12087272, 0.18446378] scene0120_01: accepted after 4 times, dx, dy=(-0.19370910795672414, -0.7630723834341474) NO SUIT ERIC! Using default eric_0.ply 7
floor: [-1.0392507, 0.75309056, -1.5699984, 1.3118837, -0.18210068, -0.020754851] scene0121_00: accepted after 4 times, dx, dy=(-0.21312000650977847, -0.5692894801958048) NO SUIT ERIC! Using default eric_0.ply 7
floor: [-0.82734597, 0.74647486, -1.1657665, 1.5463915, -0.109438345, 0.00053049694] scene0121_01: accepted after 2 times, dx, dy=(0.40274796942557634, 0.49198543202601114) eric_30.ply 7
floor: [-0.67269117, 1.1798421, -1.646748, 1.3611848, -0.18415995, 0.032970972] scene0121_02: accepted after 0 times, dx, dy=(0.0, 0.0) eric_20.ply 7
floor: [-1.4156793, 1.2465829, -1.6521357, 1.7237087, -0.102198854, 0.2771491] scene0122_00: accepted after 20 times, dx, dy=(-0.7710063478401905, 0.6934556476709005) eric_20.ply 7
floor: [-1.3896471, 1.2508872, -1.7282091, 1.6578386, -0.058512814, 0.10024511] scene0122_01: accepted after 20 times, dx, dy=(-0.7502110916535499, 0.624353824234081) NO SUIT ERIC! Using default eric_0.ply 7
floor: [-3.738002, 2.1261945, -4.236361, 4.2694025, -0.055574413, 0.15650763] scene0123_00: accepted after 0 times, dx, dy=(0.0, 0.0) eric_25.ply 7
floor: [-3.4654324, 2.3026578, -3.7541358, 3.745249, -0.045954455, 0.11900186] scene0123_01: accepted after 0 times, dx, dy=(0.0, 0.0) eric_5.ply 7
floor: [-3.4249756, 2.4183471, -3.8533878, 3.6007774, -0.04922212, 0.14010443] scene0123_02: accepted after 0 times, dx, dy=(0.0, 0.0) eric_10.ply 7
floor: [-1.1474192, 0.73837745, -0.99455243, 0.60253006, -0.09673903, 0.21671039] scene0124_00: accepted after 1 times, dx, dy=(0.357698894813809, -0.6625919414950411) NO SUIT ERIC! Using default eric_0.ply 7
floor: [-1.2056249, 0.6873251, -1.1419852, 0.43431693, -0.090360224, -0.01919142] scene0124_01: accepted after 1 times, dx, dy=(0.30519115515217765, -0.8138365424031632) eric_-5.ply 7
floor: [-2.9931827, 1.9263946, -3.3328674, 3.0760832, -0.06851026, 0.64460313] scene0125_00: accepted after 3 times, dx, dy=(-0.7968740480906781, -2.653133066678923) eric_5.ply 7
floor: [-1.5436442, 1.6702439, -2.5482023, 2.4529297, -0.045450598, 0.19300126] scene0126_00: accepted after 15 times, dx, dy=(-0.04052044980711755, 1.7914732198071637) NO SUIT ERIC! Using default eric_0.ply 39
floor: [-1.6093497, 1.6795528, -2.2388265, 2.619611, -0.10767684, 0.0011858246] scene0126_01: accepted after 3 times, dx, dy=(-0.14004926276658514, -1.7141046294071367) eric_10.ply 7
floor: [-1.6023324, 1.6956793, -2.530485, 2.4219432, -0.09151931, 0.16363405] scene0126_02: accepted after 3 times, dx, dy=(-0.12897068286673108, -1.9963663559740625) eric_15.ply 7
floor: [-1.8921334, 1.7686849, -2.6857827, 3.6429114, -0.054805078, 0.12385256] scene0127_00: accepted after 0 times, dx, dy=(0.0, 0.0) eric_30.ply 7
floor: [-1.8662778, 1.8468758, -2.5039759, 2.6151881, -0.04128872, 0.10786769] scene0127_01: accepted after 0 times, dx, dy=(0.0, 0.0) NO SUIT ERIC! Using default eric_0.ply 7
floor: [-1.4614053, 2.1906104, -1.6055888, 2.3527663, -0.05833506, 0.16890374] scene0128_00: accepted after 1 times, dx, dy=(1.4505822053626685, -0.840488785294595) eric_25.ply 7
floor: [-2.5780172, 2.4025168, -2.5657442, 2.637895, -0.05321326, 0.11515559] scene0129_00: accepted after 0 times, dx, dy=(0.0, 0.0) eric_0.ply 29
floor: [-1.2487661, 1.4821229, -2.545226, 2.227226, -0.057092328, 0.12563272] scene0130_00: accepted after 7 times, dx, dy=(1.3173170574780961, -2.502509474235434) eric_5.ply 7
floor: [-2.4613655, 1.2565563, -3.963606, 3.5328069, -0.07004726, 0.25048146] scene0131_00: accepted after 5 times, dx, dy=(-1.927197813950627, 0.9547228412955876) eric_15.ply 39
floor: [-1.387004, 2.4079552, -3.626912, 3.8059363, -0.10542043, 0.39238796] scene0131_01: accepted after 7 times, dx, dy=(2.177765096325399, -3.5821236685273554) eric_20.ply 39
floor: [-1.3804008, 2.9150903, -3.3351457, 3.411341, -0.12307137, 0.2779987] scene0131_02: accepted after 1 times, dx, dy=(2.0441426284060773, -2.0586053483864064) eric_15.ply 39
floor: [-2.1760602, 2.827965, -4.629991, 1.814086, -0.07239387, 0.37322542] scene0132_00: accepted after 1 times, dx, dy=(1.8128611859295987, -3.4089231414211176) eric_5.ply 7
floor: [-4.9964886, 1.5327942, -2.6255786, 2.1718318, -0.09882533, 0.24620053] scene0132_01: accepted after 5 times, dx, dy=(-4.060670747094294, 0.5360005448353963) eric_5.ply 7
floor: [-2.187239, 2.8544016, -4.813935, 1.8291925, -0.081959054, 0.2776633] scene0132_02: accepted after 7 times, dx, dy=(2.547606212595225, -4.769761362280161) eric_5.ply 7
floor: [-1.3755885, 2.3161693, -3.4347005, 3.593394, -0.052281376, 0.29089692] scene0133_00: accepted after 2 times, dx, dy=(1.5058417012304441, 0.7990186990120071) eric_10.ply 7
floor: [-2.604834, 1.7115215, -2.3250196, 2.314862, -0.070557795, 0.17065123] scene0134_00: accepted after 7 times, dx, dy=(1.449293260506085, -2.282406216702306) eric_10.ply 7
floor: [-2.558917, 1.5892862, -2.7339041, 1.418121, -0.062308326, 0.25550222] scene0134_01: accepted after 1 times, dx, dy=(0.748305259204263, -1.9332782490469214) eric_5.ply 7
floor: [-2.2918499, 2.553907, -2.592272, 1.3474278, -0.052002456, 0.1232291] scene0134_02: accepted after 3 times, dx, dy=(-0.12845287784051174, -2.1594008785542225) eric_5.ply 7
floor: [-0.4751066, 1.9383903, -1.2803636, 0.7021747, -0.04546256, 0.11887641] scene0135_00: accepted after 1 times, dx, dy=(1.4503474892155945, -0.8776970773363536) eric_0.ply 7
floor: [-1.0743686, 1.4799676, -2.6110585, 1.449623, -0.09472536, 0.102513604] scene0136_00: accepted after 3 times, dx, dy=(0.06743808617661251, -2.1660921981490167) eric_20.ply 39
failed
floor: [-1.1694577, 1.324855, -2.871213, 1.1966722, -0.10800794, 0.034340356] scene0136_02: accepted after 4 times, dx, dy=(-0.3340840260679723, -2.2510471166826194) eric_5.ply 29
floor: [-1.9910467, 1.8158368, -4.1121945, 3.0070574, -0.12463084, 0.18238331] scene0137_00: accepted after 0 times, dx, dy=(0.0, 0.0) eric_15.ply 29
floor: [-2.0175934, 1.759251, -4.0117645, 3.1666284, -0.12547342, 0.35228196] scene0137_01: accepted after 7 times, dx, dy=(-2.011652106304475, 3.149719873362646) eric_0.ply 29
floor: [-2.0847976, 1.7844682, -3.382606, 3.5098553, -0.19206247, 0.16285445] scene0137_02: accepted after 16 times, dx, dy=(0.5504930681976868, -0.2385573696782181) eric_10.ply 39
floor: [-2.6645732, 2.5654128, -4.9905205, 2.8660326, -0.0687363, 0.17839307] scene0138_00: accepted after 1 times, dx, dy=(1.504335629057901, -3.510355314415072) eric_5.ply 39
floor: [-0.9219573, 1.5939289, -1.7251843, 1.3347473, -0.10981001, 0.06480604] scene0139_00: accepted after 1 times, dx, dy=(1.0850542793750826, -1.124886382908185) eric_0.ply 7
floor: [-2.3909988, 2.3795013, -3.9521408, 4.191645, -0.12202758, 0.34872952] scene0140_00: accepted after 5 times, dx, dy=(-1.7064526592757172, 1.387555284836797) eric_0.ply 39
floor: [-2.3745356, 2.3272033, -4.273955, 4.023743, -0.09354913, 0.30628988] scene0140_01: accepted after 34 times, dx, dy=(-0.9785349132407947, -2.8636197151275797) eric_10.ply 39
floor: [-1.6203907, 1.3631859, -2.395498, 2.8439832, -0.09192853, 0.16603978] scene0141_00: accepted after 17 times, dx, dy=(1.2136819708580298, 2.7029126261896423) eric_10.ply 52
floor: [-1.5928463, 1.3834767, -2.5035074, 2.482185, -0.12251296, 0.16133136] scene0141_01: accepted after 17 times, dx, dy=(1.2343436957354212, 2.3498365499245915) eric_10.ply 52
floor: [-1.4121535, 1.5110056, -2.4949675, 2.311124, -0.10685937, 0.12904538] scene0141_02: accepted after 5 times, dx, dy=(0.6606553327161303, -2.3570365015054704) eric_30.ply 52
floor: [-3.0900478, 2.7766774, -2.18714, 2.4877796, -0.16234688, 0.35298556] scene0142_00: accepted after 0 times, dx, dy=(0.0, 0.0) eric_20.ply 39
floor: [-2.71428, 3.038815, -2.5057397, 2.1729698, -0.18611787, 0.17620349] scene0142_01: accepted after 0 times, dx, dy=(0.0, 0.0) eric_25.ply 39
floor: [-1.928435, 0.6841306, -1.7170538, 0.17351742, -0.06772312, 0.12926751] scene0143_00: accepted after 17 times, dx, dy=(-1.8907793878784336, 0.10324576736263198) eric_10.ply 7
floor: [-1.5701426, 1.8814856, -3.0447044, 3.6641, -0.22783233, 0.58725667] scene0143_01: accepted after 30 times, dx, dy=(1.7504658453764588, 2.660107735148958) eric_-5.ply 39
floor: [-1.8336234, 1.7233227, -3.2442205, 3.1083124, -0.18473585, 0.23823832] scene0143_02: accepted after 4 times, dx, dy=(-0.6436398070710877, -2.297654339254492) eric_5.ply 29
floor: [-2.0055425, 1.8542604, -1.7844807, 1.3935322, -0.055982474, 0.1511519] scene0144_00: accepted after 0 times, dx, dy=(0.0, 0.0) eric_10.ply 7
floor: [-2.3188014, 1.5294722, -1.619675, 1.52881, -0.051267155, 0.22018479] scene0144_01: accepted after 4 times, dx, dy=(-0.5484859454847747, -0.5299984223954618) eric_5.ply 7
floor: [-2.4816616, 3.8484054, -2.3486605, 3.5454261, -0.056492902, 0.39090705] scene0145_00: accepted after 2 times, dx, dy=(2.4568344640794004, 1.2082261910172962) NO SUIT ERIC! Using default eric_0.ply 7
floor: [-0.9324752, 0.95451486, -1.6217146, 1.2782094, -0.03774841, 0.08303442] scene0146_00: accepted after 0 times, dx, dy=(0.0, 0.0) NO SUIT ERIC! Using default eric_0.ply 7
floor: [-0.90282756, 0.9381823, -1.3254212, 1.2608131, -0.043634277, 0.061225902] scene0146_01: accepted after 0 times, dx, dy=(0.0, 0.0) eric_30.ply 7
floor: [-0.96882343, 0.91740096, -1.3639135, 1.5187275, -0.0450325, 0.16529058] scene0146_02: accepted after 0 times, dx, dy=(0.0, 0.0) NO SUIT ERIC! Using default eric_0.ply 7
floor: [-1.7870265, 1.8938092, -2.3115747, 2.8017364, -0.04166812, 0.092437506] scene0147_00: accepted after 7 times, dx, dy=(-1.7811600154156215, 2.8009113983096356) NO SUIT ERIC! Using default eric_0.ply 29
floor: [-1.8636931, 1.7832321, -3.9225187, 2.911533, -0.09433291, 0.09191215] scene0147_01: accepted after 1 times, dx, dy=(1.0442395822927972, -2.6299158218564065) eric_0.ply 39
floor: [-3.1757782, 2.945233, -1.8420306, 3.5115273, -0.038215708, 0.23474412] scene0148_00: accepted after 1 times, dx, dy=(1.702870438834128, -0.8210018460010811) eric_10.ply 7
floor: [-1.5461243, 1.1213548, -2.2263374, 1.5093197, -0.11733966, 0.2808389] scene0149_00: accepted after 3 times, dx, dy=(-0.35387481630656714, -1.8138654172549502) NO SUIT ERIC! Using default eric_0.ply 7
floor: [-1.8602015, 1.038773, -2.6721292, 1.9293188, -0.057874266, 0.17260788] scene0150_00: accepted after 3 times, dx, dy=(-0.5647437324899843, -2.173099771857683) eric_30.ply 7
floor: [-2.74973, 1.208364, -2.7249084, 1.8793615, -0.046087436, 0.13290158] scene0150_01: accepted after 3 times, dx, dy=(-0.9820821125838158, -2.2255968481059423) eric_20.ply 7
floor: [-1.8164382, -1.3722323, 0.019627756, 1.2487637, -0.017250463, 0.04220074] scene0150_02: accepted after 5 times, dx, dy=(-1.7499759174881966, 0.8586581255864123) NO SUIT ERIC! Using default eric_0.ply 7
floor: [-4.118075, 3.7729313, -3.5933106, 3.784731, -0.05052579, 0.19658884] scene0151_00: accepted after 3 times, dx, dy=(-0.5970057567677248, -2.8166915399491472) eric_0.ply 39
floor: [-3.3619292, 3.1192741, -2.1151977, 3.7750413, -0.09244716, 0.17111407] scene0151_01: accepted after 2 times, dx, dy=(1.694406533572912, 1.439392276844824) eric_20.ply 7
floor: [-2.2318041, 5.082866, -3.0569928, 5.701351, -0.08748016, 0.20352902] scene0152_00: accepted after 0 times, dx, dy=(0.0, 0.0) eric_25.ply 7
floor: [-5.484866, 3.495487, -4.2750764, 5.527455, -0.3799481, 0.77694577] scene0152_01: accepted after 0 times, dx, dy=(0.0, 0.0) eric_10.ply 39
floor: [-4.453636, 6.672852, -3.4657676, 5.856565, -0.11289842, 0.26347846] scene0152_02: accepted after 0 times, dx, dy=(0.0, 0.0) eric_20.ply 39
floor: [-1.1604261, 0.5659164, -1.0885531, 0.9701769, -0.02764596, 0.048140455] scene0153_00: accepted after 0 times, dx, dy=(0.0, 0.0) eric_30.ply 7
floor: [-0.526519, 0.9642208, -1.0190477, 1.0406075, -0.03645207, 0.029384173] scene0153_01: accepted after 0 times, dx, dy=(0.0, 0.0) NO SUIT ERIC! Using default eric_0.ply 7
floor: [-0.7771501, 1.4212607, 1.628597, 3.3137803, 0.27060685, 0.6939601] scene0154_00: accepted after 2 times, dx, dy=(0.93993098172859, 2.673398931918807) eric_15.ply 7
floor: [-3.7424386, 3.010083, -3.3803139, 3.817671, -0.08890207, 0.39834228] scene0155_00: accepted after 0 times, dx, dy=(0.0, 0.0) eric_10.ply 29
floor: [-3.1548169, 2.8017669, -3.3739173, 2.797335, -0.090621814, 0.29659376] scene0155_01: accepted after 0 times, dx, dy=(0.0, 0.0) NO SUIT ERIC! Using default eric_0.ply 7
floor: [-3.2892878, 2.7006319, -3.3609369, 2.5357063, -0.07469369, 0.35580283] scene0155_02: accepted after 0 times, dx, dy=(0.0, 0.0) NO SUIT ERIC! Using default eric_0.ply 7
floor: [-2.1310961, 3.1762035, -2.0324378, 1.7194144, -0.090356484, 0.18120962] scene0156_00: accepted after 1 times, dx, dy=(2.0993961620109465, -1.3052176116160825) eric_10.ply 7
floor: [-1.3614546, 1.2666978, -1.2895074, 1.9057467, -0.08135967, 0.08530031] scene0157_00: accepted after 0 times, dx, dy=(0.0, 0.0) NO SUIT ERIC! Using default eric_0.ply 7
floor: [-1.2668275, 1.3982093, -1.4871469, 1.7285135, -0.035644256, 0.06803683] scene0157_01: accepted after 2 times, dx, dy=(0.8140776493747252, 0.4711205236307266) NO SUIT ERIC! Using default eric_0.ply 7
floor: [-0.7215355, 1.0035512, -2.5870094, 2.2754562, -0.14317505, 0.012558899] scene0158_00: accepted after 0 times, dx, dy=(0.0, 0.0) NO SUIT ERIC! Using default eric_0.ply 29
floor: [-0.7439018, 0.9551728, -2.5464675, 2.155228, -0.14178517, -0.015038185] scene0158_01: accepted after 0 times, dx, dy=(0.0, 0.0) eric_5.ply 29
floor: [-0.7174969, 0.9713499, -2.6257086, 2.231706, -0.11774757, 0.023640884] scene0158_02: accepted after 0 times, dx, dy=(0.0, 0.0) eric_5.ply 29
floor: [-2.5217314, 3.352553, -2.6620994, 2.6322496, -0.10307134, 0.23561545] scene0159_00: accepted after 0 times, dx, dy=(0.0, 0.0) eric_15.ply 7
floor: [-2.0469925, 3.6448915, -1.3551459, 2.1417787, -0.063260354, 0.14728892] scene0160_00: accepted after 1 times, dx, dy=(2.48983777438733, -0.6746882949573153) eric_15.ply 7
floor: [-1.4211779, 2.4224842, -3.2390065, 1.823287, -0.0459807, 0.14784583] scene0160_01: accepted after 1 times, dx, dy=(1.6434641646405255, -2.271405769491028) eric_20.ply 7
failed
floor: [-2.0333037, 2.9792137, -1.512546, 1.9681833, -0.05162584, 0.19580586] scene0160_03: accepted after 14 times, dx, dy=(-0.11320633159526883, 1.9488144160228613) NO SUIT ERIC! Using default eric_0.ply 7
floor: [-3.0368063, 1.4281309, -1.9247867, 1.4203784, -0.054665502, 0.12109585] scene0160_04: accepted after 1 times, dx, dy=(0.5227080764769519, -1.272167001703312) NO SUIT ERIC! Using default eric_0.ply 7
floor: [-2.3179088, -0.8569405, -1.2824973, 0.62666684, -0.03874697, 0.048273824] scene0161_00: accepted after 3 times, dx, dy=(-1.6635612644827775, -1.0526287575893458) eric_10.ply 7
floor: [-2.2903445, 1.2557168, -1.396151, 1.3932123, -0.0262941, 0.1668388] scene0161_01: accepted after 5 times, dx, dy=(-1.7807299858429748, 0.45841352705473454) eric_20.ply 7
floor: [-2.3170903, 1.3306597, -1.5451558, 1.454772, -0.04291392, 0.13276777] scene0161_02: accepted after 5 times, dx, dy=(-1.7929478519985178, 0.44646263449728313) NO SUIT ERIC! Using default eric_0.ply 7
failed
floor: [-2.0589845, 1.7698112, -2.8741806, 3.3551798, -0.07530038, 0.1752168] scene0163_00: accepted after 17 times, dx, dy=(-2.0051956921801253, 3.0341339203450386) eric_20.ply 7
floor: [-1.9032823, 1.8795416, -3.3034923, 2.9109883, -0.062460724, 0.2356116] scene0163_01: accepted after 1 times, dx, dy=(1.112899674420912, -2.124540401345896) eric_30.ply 7
floor: [-1.0413929, 2.1047251, -0.95010865, 1.2002882, -0.06988436, 0.0319603] scene0164_00: accepted after 1 times, dx, dy=(1.4676254370161477, -0.516651057828642) eric_5.ply 39
floor: [-1.1916262, 1.9506083, -0.85738957, 0.9629183, -0.13847783, 0.042394172] scene0164_01: accepted after 26 times, dx, dy=(1.4580299393625116, 0.0003014106371621167) eric_-15.ply 39
floor: [-0.9005009, 0.89215624, -1.9668652, 1.2157459, -0.08332338, 0.035147343] scene0164_02: accepted after 1 times, dx, dy=(0.5304275766634371, -1.3440636040002198) eric_20.ply 39
floor: [-0.910202, 0.888671, -1.8971, 1.0430678, -0.05759071, 0.14340527] scene0164_03: accepted after 1 times, dx, dy=(0.5256776043701635, -1.3187708901480777) eric_30.ply 39
floor: [-1.279086, 2.5609832, -2.3514645, 3.0819545, -0.05831627, 0.24071501] scene0165_00: accepted after 4 times, dx, dy=(0.48746157456376504, -0.49928572578550384) eric_15.ply 7
floor: [-2.1392112, 1.2931665, -2.8867104, 2.0037074, -0.101269424, 0.30482993] scene0165_01: accepted after 3 times, dx, dy=(-0.6059447276209492, -2.3587912722188724) NO SUIT ERIC! Using default eric_0.ply 7
floor: [-2.4946177, 1.4170498, -3.0488527, 2.3794813, -0.08411204, 0.24089023] scene0165_02: accepted after 0 times, dx, dy=(0.0, 0.0) eric_15.ply 7
floor: [-2.087793, 1.7129483, -2.0807552, 2.0326035, -0.25042665, 0.13247155] scene0166_00: accepted after 4 times, dx, dy=(-0.3393068195432062, -0.6690920824071086) eric_5.ply 39
floor: [-1.7126883, 2.1240582, -2.0925002, 2.0394235, -0.14092882, 0.12429914] scene0166_01: accepted after 18 times, dx, dy=(0.4515058799961612, -0.46098863802096174) eric_25.ply 39
floor: [-1.9296534, 2.1605618, -2.0814564, 1.7338364, -0.11454562, 0.12571013] scene0166_02: accepted after 4 times, dx, dy=(-0.04822660481858676, -0.7692603496706546) eric_5.ply 39
floor: [-1.9060065, 1.936544, -3.1735, 2.946562, -0.097856365, 0.21457964] scene0167_00: accepted after 0 times, dx, dy=(0.0, 0.0) eric_20.ply 39
floor: [-1.7322682, 2.2304182, -3.559849, 3.0266347, -0.06781806, 0.23599564] scene0168_00: accepted after 7 times, dx, dy=(1.9899219716478793, -3.515719695102128) eric_0.ply 39
floor: [-2.2850027, 1.5473267, -2.7859085, 2.3531406, -0.061068363, 0.18162602] scene0168_01: accepted after 7 times, dx, dy=(1.3148403127895723, -2.742906344759142) eric_5.ply 39
floor: [-1.615375, 2.134073, -2.6063788, 2.6383715, -0.10958468, 0.13201389] scene0168_02: accepted after 8 times, dx, dy=(2.1078706651140346, 0.671157368036566) eric_5.ply 39
floor: [-2.431758, 2.2118423, -3.5293014, 3.1974266, -0.07302414, 0.16230677] scene0169_00: accepted after 23 times, dx, dy=(-1.58252634515493, 1.5908093156195753) eric_10.ply 39
floor: [-2.3998544, 2.287363, -3.3220665, 3.2215374, -0.07443701, 0.17358625] scene0169_01: accepted after 23 times, dx, dy=(-1.5426742030964862, 1.6597193227831089) eric_10.ply 39
floor: [-0.5973118, 1.0323126, -1.7756488, 0.304186, -0.041816987, 0.0109361475] scene0170_00: accepted after 2 times, dx, dy=(0.6762916578303376, -0.4952990210438106) eric_15.ply 7
floor: [-1.3089243, 0.32322487, -0.62589544, 1.4429257, -0.045803092, 0.029925432] scene0170_01: accepted after 20 times, dx, dy=(-0.9125347911028269, 0.826654606743095) eric_15.ply 7
floor: [-1.3258876, 0.32489714, -0.7235746, 1.3573031, -0.09192404, 0.16180915] scene0170_02: accepted after 16 times, dx, dy=(-0.19984626381989534, 0.25285930497988324) NO SUIT ERIC! Using default eric_0.ply 7
floor: [-1.5377245, 2.1525726, -3.4152143, 2.757206, -0.05472599, 0.17798242] scene0171_00: accepted after 3 times, dx, dy=(0.1105308319414936, -2.7591270801039687) eric_5.ply 7
floor: [-3.9915473, 3.7973058, -4.641314, 3.321681, -0.060495555, 0.21747366] scene0171_01: accepted after 1 times, dx, dy=(2.215609020927748, -3.141623705562745) eric_0.ply 7
floor: [-1.6728117, 1.6030087, -1.6941762, 1.6517401, -0.13388261, 0.1442179] scene0172_00: accepted after 3 times, dx, dy=(-0.20934367803764709, -1.3206684995037246) NO SUIT ERIC! Using default eric_0.ply 7
floor: [-1.4011457, 2.0824602, -1.8634604, 2.1903455, -0.075051256, 0.20132251] scene0172_01: accepted after 0 times, dx, dy=(0.0, 0.0) eric_20.ply 7
floor: [-3.1158307, 2.882245, -3.1511087, 4.436355, -0.10013926, 0.29716426] scene0173_00: accepted after 1 times, dx, dy=(-2.0125749436318725, 2.803768541457807) eric_0.ply 29
floor: [-2.434275, 2.854699, -3.0090382, 3.2388663, -0.08691244, 0.3406049] scene0173_01: accepted after 7 times, dx, dy=(2.532705783802097, -2.9651725550965127) eric_10.ply 7
floor: [-1.8404087, 3.1278846, -2.9742708, 3.2696261, -0.09128105, 0.20039406] scene0173_02: accepted after 7 times, dx, dy=(2.825596349838113, -2.9304082869494703) eric_10.ply 7
floor: [-1.3927763, 1.0135623, -2.6551907, 1.4260747, -0.089475304, 0.114471644] scene0174_00: accepted after 0 times, dx, dy=(0.0, 0.0) eric_5.ply 7
floor: [-1.4741334, 1.1098201, -2.3988132, 1.164559, -0.0785752, 0.08958156] scene0174_01: accepted after 0 times, dx, dy=(0.0, 0.0) eric_15.ply 29
floor: [-1.9103384, 1.2406278, -2.7892444, 0.79822177, -0.07471296, 0.091532156] scene0175_00: accepted after 0 times, dx, dy=(0.0, 0.0) eric_10.ply 39
floor: [-1.467837, 1.6694187, -0.5542885, 2.0280263, -0.050761864, 0.19643195] scene0176_00: accepted after 14 times, dx, dy=(-0.26495592590902983, 2.023723327018195) eric_5.ply 7
floor: [-1.5460926, 1.7480093, -2.5180008, 2.4210706, -0.078234084, 0.12403039] scene0177_00: accepted after 8 times, dx, dy=(0.4909544176861068, 0.5419979466853361) eric_10.ply 29
floor: [-1.6375115, 1.6171244, -2.5016098, 2.3697174, -0.087102346, 0.11759544] scene0177_01: accepted after 42 times, dx, dy=(-0.4276331288534677, 0.7955349182432568) eric_20.ply 29
floor: [-1.808403, 1.4626585, -2.61917, 2.3611124, -0.06770086, 0.117811225] scene0177_02: accepted after 15 times, dx, dy=(-0.2785929225399829, 1.7025760419752534) eric_0.ply 7
floor: [-2.3929932, 1.8893162, -3.7840002, 2.9136567, -0.10063155, 0.85893196] scene0178_00: accepted after 0 times, dx, dy=(0.0, 0.0) eric_25.ply 39
floor: [-1.9222689, 1.6136316, -2.465027, 2.435107, -0.06329666, 0.13506122] scene0179_00: accepted after 23 times, dx, dy=(-1.2749001766525927, 1.2753451005191614) eric_5.ply 7
floor: [-1.8522356, 2.4754725, -4.523369, 6.26045, -0.17908983, 0.46180543] scene0180_00: accepted after 4 times, dx, dy=(-0.40504204802063704, -2.9437189014985035) eric_0.ply 29
floor: [-1.9290392, 2.030504, -2.7645447, 3.6574478, -0.06922717, 0.092064396] scene0181_00: accepted after 0 times, dx, dy=(0.0, 0.0) eric_20.ply 39
floor: [-2.041898, 2.8646026, -3.7067502, 2.837088, -0.10998444, 0.1598491] scene0181_01: accepted after 0 times, dx, dy=(0.0, 0.0) eric_-15.ply 39
floor: [-2.0176861, 2.4890013, -3.339211, 3.4767137, -0.08575023, 0.20207724] scene0181_02: accepted after 1 times, dx, dy=(-1.1880029156392067, 2.014104116739737) eric_-15.ply 29
floor: [-1.165829, 1.9990277, -2.0182939, 2.7968826, -0.071162894, 0.22902581] scene0181_03: accepted after 0 times, dx, dy=(0.0, 0.0) eric_20.ply 7
floor: [-1.4584122, 0.93882966, 0.42348835, 1.7214049, 0.40770823, 0.719364] scene0182_00: accepted after 5 times, dx, dy=(-1.1129258582507058, 1.3072872579664436) NO SUIT ERIC! Using default eric_0.ply 7
failed
floor: [1.2825731, 2.1344118, -1.3050587, -1.0755048, 0.5876252, 0.6539497] scene0182_02: accepted after 3 times, dx, dy=(1.665350700045678, -1.2431090821092192) eric_5.ply 7
floor: [-1.4236836, 0.9711317, -1.1808591, 1.4465932, -0.029888619, 0.0738607] scene0183_00: accepted after 7 times, dx, dy=(0.8269768801060343, -1.1398129187403276) NO SUIT ERIC! Using default eric_0.ply 7
floor: [-1.7916706, 2.128994, -2.0469863, 2.025962, -0.11525476, 0.22969237] scene0184_00: accepted after 2 times, dx, dy=(1.268236303008686, 0.4229535876819848) eric_5.ply 7
floor: [-5.3168154, 3.9364698, 0.94855064, 3.6233687, 0.2275067, 0.7392719] scene0185_00: accepted after 0 times, dx, dy=(0.0, 0.0) eric_15.ply 39
floor: [-3.1752434, 3.682241, -2.5278125, 2.713055, -0.1388375, 0.23438424] scene0186_00: accepted after 6 times, dx, dy=(-2.785401857874867, 1.2950875025331283) eric_5.ply 39
floor: [-3.202696, 2.002395, -2.670753, 2.5380754, -0.056681853, 0.23063646] scene0186_01: accepted after 7 times, dx, dy=(-3.195642537906334, 2.5365067955433225) eric_5.ply 29
floor: [-2.4980845, 4.0454855, -3.9202294, 4.200227, -0.059149344, 0.3629402] scene0187_00: accepted after 0 times, dx, dy=(0.0, 0.0) eric_10.ply 7
floor: [-3.549049, 2.3478446, -3.8328955, 3.445233, -0.036198016, 0.35958573] scene0187_01: accepted after 0 times, dx, dy=(0.0, 0.0) eric_20.ply 7
floor: [-1.7768685, 2.5552342, -2.5269644, 2.3347366, -0.11760948, 0.28793472] scene0188_00: accepted after 1 times, dx, dy=(1.6768376216784433, -1.5961593225751007) NO SUIT ERIC! Using default eric_0.ply 7
floor: [-5.280859, 2.9363627, -5.9328203, 9.16032, -0.10265847, 0.54232305] scene0189_00: accepted after 0 times, dx, dy=(0.0, 0.0) eric_20.ply 7
floor: [-1.2918934, 0.9442966, -2.7091038, 1.8215965, -0.035070512, 0.08569404] scene0190_00: accepted after 3 times, dx, dy=(-0.2919266897369448, -2.2171474509410314) eric_0.ply 7
floor: [-0.9435627, 2.0224657, -4.1177826, 3.295871, -0.0779685, 0.53029156] scene0191_00: accepted after 3 times, dx, dy=(0.38178994331804195, -3.337603220832101) eric_5.ply 7
floor: [-0.9912979, 1.8882922, -4.284777, 2.7886462, -0.08829841, 0.2240565] scene0191_01: accepted after 2 times, dx, dy=(1.256892533686274, -0.024003299529486696) eric_20.ply 7
floor: [-1.0715494, 2.035945, -2.6274328, 1.889268, -0.079503216, 0.34779608] scene0191_02: accepted after 0 times, dx, dy=(0.0, 0.0) eric_10.ply 7
floor: [-1.4205915, 2.6439946, -3.1337402, 2.590611, -0.09076256, 0.2865258] scene0192_00: accepted after 1 times, dx, dy=(1.8200261287025938, -2.04469507686225) eric_15.ply 7
floor: [-2.7068021, 1.0139171, -2.0142999, 2.312727, -0.041246753, 0.14889064] scene0192_01: accepted after 5 times, dx, dy=(-2.1722347976214587, 0.8411120253785506) eric_0.ply 7
floor: [-1.3311454, 2.571248, -2.0937793, 2.7204015, -0.053397182, 0.17653723] scene0192_02: accepted after 1 times, dx, dy=(1.780278642025615, -1.1716910727075145) NO SUIT ERIC! Using default eric_0.ply 7
floor: [-2.030475, 2.4989462, -1.1333802, 2.3180423, -0.036430653, 0.09731715] scene0193_00: accepted after 6 times, dx, dy=(-1.7719631188224514, 1.397542598950343) NO SUIT ERIC! Using default eric_0.ply 7
floor: [-2.2177415, 1.4654604, -1.4709581, 2.5579498, -0.027577454, 0.11390849] scene0193_01: accepted after 5 times, dx, dy=(-1.6885341699292828, 1.1904115162232312) eric_15.ply 7
failed
floor: [-1.5968518, 1.2827699, -1.8450146, 0.9926128, -0.03920343, 0.1188894] scene0195_00: accepted after 22 times, dx, dy=(-1.09462719980508, -0.6963302727749484) NO SUIT ERIC! Using default eric_0.ply 7
floor: [-1.3420275, 1.3747594, -1.8257923, 0.87045395, -0.0634153, 0.06745561] scene0195_01: accepted after 22 times, dx, dy=(-0.8680327320907907, -0.7323966561483285) eric_20.ply 7
floor: [-1.4079267, 1.4152895, -1.803855, 0.57382095, -0.024746293, 0.1313986] scene0195_02: accepted after 22 times, dx, dy=(-0.9154807803886945, -0.8350395171873025) NO SUIT ERIC! Using default eric_0.ply 7
floor: [-2.5895395, 3.3162844, -3.1634276, 3.6660867, -0.08162167, 0.3477147] scene0196_00: accepted after 1 times, dx, dy=(-1.503205997106417, 2.2004834032710776) eric_20.ply 29
floor: [-0.96931815, 1.4367385, -2.476205, 2.1255841, -0.13431282, 0.1317804] scene0197_00: accepted after 0 times, dx, dy=(0.0, 0.0) eric_25.ply 7
floor: [-1.3977249, 0.889523, -2.0922751, 2.2928026, -0.12927708, 0.16969737] scene0197_01: accepted after 0 times, dx, dy=(0.0, 0.0) eric_0.ply 7
floor: [-0.7170218, 1.3375427, -2.3268616, 2.1426902, -0.16113068, 0.10814519] scene0197_02: accepted after 0 times, dx, dy=(0.0, 0.0) NO SUIT ERIC! Using default eric_0.ply 29
floor: [-0.46513844, 1.0836561, -2.7421734, 1.9364117, -0.09728752, 0.16389705] scene0198_00: accepted after 0 times, dx, dy=(0.0, 0.0) NO SUIT ERIC! Using default eric_0.ply 7
floor: [-2.9717166, 1.7522306, -4.1592975, 2.913555, -0.10069375, 0.2674046] scene0199_00: accepted after 1 times, dx, dy=(0.7941106289741907, -2.8228903211940914) eric_15.ply 7
floor: [-2.0582724, 1.8491421, -1.4173119, 1.4284245, -0.043256264, 0.08577656] scene0200_00: accepted after 1 times, dx, dy=(1.0571512042679503, -0.8563048292620404) eric_20.ply 7
floor: [-1.6668763, 1.1038501, -2.043375, 1.9554299, -0.03542802, 0.11901184] scene0200_01: accepted after 1 times, dx, dy=(0.5431264000812129, -1.2708550519150659) NO SUIT ERIC! Using default eric_0.ply 7
floor: [-1.1674249, 1.6116321, -1.9674371, 1.9625009, -0.05290481, 0.10253442] scene0200_02: accepted after 4 times, dx, dy=(0.11185394263779169, -0.6169829702469226) eric_10.ply 7
