scene0000_02: Seed: 55, Selected_ID: 53, accepted after 0 times, dx, dy=(0.0, 0.0), eric_10_5
scene0006_00: Seed: 55, Selected_ID: 42, accepted after 4074 times, dx, dy=(-0.265152892352617, 0.8871805203291425), eric_5_4
scene0006_02: Seed: 55, Selected_ID: 52, accepted after 3855 times, dx, dy=(-0.2561961547547031, 0.6286614562322993), eric_30_72
scene0009_01: Seed: 55, Selected_ID: 25, accepted after 989 times, dx, dy=(-0.058863334573459165, -0.1767751007845006), eric_0_74
scene0010_00: Seed: 55, Selected_ID: 61, accepted after 4805 times, dx, dy=(-0.3287798961611433, 0.6556425692193347), eric_10_34
scene0014_00: Seed: 55, Selected_ID: 11, accepted after 8959 times, dx, dy=(-0.5271146338298953, 0.02779165550539493), eric_30_8
scene0016_01: Seed: 55, Selected_ID: 14, accepted after 547 times, dx, dy=(-0.0776097029228564, 0.03839199044317005), eric_30_15
scene0016_02: Seed: 55, Selected_ID: 20, accepted after 182 times, dx, dy=(-0.02903868552352278, -0.0038640433172286), eric_30_39
failed
scene0025_02: Seed: 55, Selected_ID: 31, accepted after 6487 times, dx, dy=(-0.3025012942085098, 0.9838556882430753), eric_15_90
scene0030_00: Seed: 55, Selected_ID: 49, accepted after 640 times, dx, dy=(0.12204660421367279, -0.05471475805087396), eric_25_43
scene0034_01: Seed: 55, Selected_ID: 19, accepted after 2516 times, dx, dy=(0.16929193832790077, -0.2329530741448291), eric_20_79
scene0041_01: Seed: 55, Selected_ID: 22, accepted after 0 times, dx, dy=(0.0, 0.0), eric_5_64
scene0043_01: Seed: 55, Selected_ID: 16, accepted after 2576 times, dx, dy=(-0.36064684324928953, -0.3608255449877153), eric_0_1
scene0051_00: Seed: 55, Selected_ID: 42, accepted after 1784 times, dx, dy=(0.23484313031899517, 0.35890752068959925), eric_5_93
scene0051_01: Seed: 55, Selected_ID: 31, accepted after 2606 times, dx, dy=(-0.20224815090890103, 0.37778297594385485), eric_0_13
scene0051_02: Seed: 55, Selected_ID: 37, accepted after 2263 times, dx, dy=(-0.2800420142139328, 0.2601909307928946), eric_10_41
scene0051_03: Seed: 55, Selected_ID: 29, accepted after 223 times, dx, dy=(-0.01927676876174001, 0.026063818252446712), eric_10_3
scene0054_00: Seed: 55, Selected_ID: 8, accepted after 3986 times, dx, dy=(0.005185338271956366, -1.63340840592343), eric_5_59
scene0060_01: Seed: 55, Selected_ID: 16, accepted after 0 times, dx, dy=(0.0, 0.0), eric_0_48
scene0065_00: Seed: 55, Selected_ID: 8, accepted after 0 times, dx, dy=(0.0, 0.0), eric_15_95
scene0067_02: Seed: 55, Selected_ID: 5, accepted after 0 times, dx, dy=(0.0, 0.0), eric_30_22
scene0076_00: Seed: 55, Selected_ID: 5, accepted after 3606 times, dx, dy=(-0.6300040682795697, 0.8465789396553632), eric_20_86
scene0084_01: Seed: 55, Selected_ID: 45, accepted after 9244 times, dx, dy=(1.2175358926960602, 0.8468693689224199), eric_10_47
scene0086_00: Seed: 55, Selected_ID: 22, accepted after 2891 times, dx, dy=(0.17695701598952956, 0.4610897038035568), eric_5_87
scene0086_01: Seed: 55, Selected_ID: 6, accepted after 2606 times, dx, dy=(0.0914525532279503, 0.38115045298205097), eric_25_25
scene0086_02: Seed: 55, Selected_ID: 18, accepted after 2342 times, dx, dy=(0.15609395458216666, 0.3476944264507795), eric_15_77
scene0088_00: Seed: 55, Selected_ID: 20, accepted after 5221 times, dx, dy=(-0.9550516483721398, 1.0365677536504134), eric_5_67
scene0090_00: Seed: 55, Selected_ID: 17, accepted after 3454 times, dx, dy=(0.814828766831733, 0.24661738558646484), eric_10_53
NO SUIT ERIC! Using default
scene0092_03: Seed: 55, Selected_ID: 85, accepted after 10000 times, dx, dy=(0.7606725989247516, -2.0898849506409847), eric_0_9
scene0095_00: Seed: 55, Selected_ID: 23, accepted after 8246 times, dx, dy=(-0.4229946461894051, 2.839639103195374), eric_5_0
NO SUIT ERIC! Using default
scene0099_00: Seed: 55, Selected_ID: 4, accepted after 10000 times, dx, dy=(0.654878487530556, 0.29275580358364267), eric_0_67
scene0101_00: Seed: 55, Selected_ID: 88, accepted after 58 times, dx, dy=(-0.004407519621846966, 0.010728804527166885), eric_10_72
scene0101_02: Seed: 55, Selected_ID: 30, accepted after 1639 times, dx, dy=(-0.12939290971292275, 0.3429031212291438), eric_20_58
NO SUIT ERIC! Using default
scene0103_01: Seed: 55, Selected_ID: 5, accepted after 10000 times, dx, dy=(-0.17927316100503302, 0.2710232357202063), eric_0_91
scene0111_01: Seed: 55, Selected_ID: 42, accepted after 2346 times, dx, dy=(-0.18238732061473298, 0.09973160481379685), eric_10_98
scene0111_02: Seed: 55, Selected_ID: 4, accepted after 8461 times, dx, dy=(-0.18376882429732083, 2.683172091403389), eric_20_42
NO SUIT ERIC! Using default
scene0112_00: Seed: 55, Selected_ID: 2, accepted after 10000 times, dx, dy=(-0.041100016355514524, 0.7794629915149521), eric_0_37
failed
failed
scene0131_02: Seed: 55, Selected_ID: 11, accepted after 8987 times, dx, dy=(1.683671383059654, -1.5929628717716622), eric_15_17
scene0132_00: Seed: 55, Selected_ID: 3, accepted after 4375 times, dx, dy=(-0.40288653022102056, -1.4292958114332748), eric_15_66
scene0134_00: Seed: 55, Selected_ID: 9, accepted after 8206 times, dx, dy=(0.24787994633654464, -0.9931468657534233), eric_30_67
scene0134_01: Seed: 55, Selected_ID: 13, accepted after 4545 times, dx, dy=(-0.6897879038240695, -0.570446010777934), eric_25_59
scene0134_02: Seed: 55, Selected_ID: 11, accepted after 4130 times, dx, dy=(-0.53224813211983, -0.35066097873852153), eric_0_18
failed
failed
scene0142_01: Seed: 55, Selected_ID: 10, accepted after 0 times, dx, dy=(0.0, 0.0), eric_5_54
scene0143_01: Seed: 55, Selected_ID: 42, accepted after 4553 times, dx, dy=(-0.25529166799224695, 0.9979762979137182), eric_5_80
scene0143_02: Seed: 55, Selected_ID: 10, accepted after 7163 times, dx, dy=(0.5141406888923536, -0.8279864578210353), eric_10_29
scene0147_00: Seed: 55, Selected_ID: 8, accepted after 8457 times, dx, dy=(0.13796095413490286, 1.5466445809458635), eric_15_90
scene0147_01: Seed: 55, Selected_ID: 23, accepted after 9365 times, dx, dy=(-0.12036770198216203, -2.5317694108822555), eric_30_3
failed
failed
scene0166_00: Seed: 55, Selected_ID: 49, accepted after 3855 times, dx, dy=(-0.41743081030769047, 0.15744757051349542), eric_20_38
scene0170_02: Seed: 55, Selected_ID: 11, accepted after 4820 times, dx, dy=(-0.23979268417739869, 0.1905067783729282), eric_15_17
scene0172_01: Seed: 55, Selected_ID: 4, accepted after 0 times, dx, dy=(0.0, 0.0), eric_25_29
scene0174_00: Seed: 55, Selected_ID: 5, accepted after 0 times, dx, dy=(0.0, 0.0), eric_15_93
scene0186_00: Seed: 55, Selected_ID: 14, accepted after 2260 times, dx, dy=(0.44408492546200273, -0.2952880635272426), eric_5_84
scene0193_00: Seed: 55, Selected_ID: 9, accepted after 1497 times, dx, dy=(0.006138772489712852, 0.1993344054927019), eric_25_85
scene0193_01: Seed: 55, Selected_ID: 11, accepted after 1942 times, dx, dy=(-0.13967221322052456, 0.3020314830725995), eric_25_97
